{"C:\\Users\\roshn\\OneDrive\\Desktop\\Green-Hulk\\backend\\src\\app.module.ts": {"path":"C:\\Users\\roshn\\OneDrive\\Desktop\\Green-Hulk\\backend\\src\\app.module.ts","statementMap":{"0":{"start":{"line":1,"column":0},"end":{"line":1,"column":40}},"1":{"start":{"line":2,"column":0},"end":{"line":2,"column":46}},"2":{"start":{"line":3,"column":0},"end":{"line":3,"column":45}},"3":{"start":{"line":4,"column":0},"end":{"line":4,"column":60}},"4":{"start":{"line":5,"column":0},"end":{"line":5,"column":63}},"5":{"start":{"line":6,"column":0},"end":{"line":6,"column":42}},"6":{"start":{"line":7,"column":0},"end":{"line":7,"column":51}},"7":{"start":{"line":8,"column":0},"end":{"line":8,"column":66}},"8":{"start":{"line":9,"column":0},"end":{"line":9,"column":72}},"9":{"start":{"line":10,"column":0},"end":{"line":10,"column":66}},"10":{"start":{"line":28,"column":7},"end":{"line":28,"column":null}},"11":{"start":{"line":28,"column":13},"end":{"line":28,"column":22}},"12":{"start":{"line":28,"column":13},"end":{"line":28,"column":null}}},"fnMap":{},"branchMap":{},"s":{"0":0,"1":0,"2":0,"3":0,"4":0,"5":0,"6":0,"7":0,"8":0,"9":0,"10":0,"11":0,"12":0},"f":{},"b":{}}
,"C:\\Users\\roshn\\OneDrive\\Desktop\\Green-Hulk\\backend\\src\\main.ts": {"path":"C:\\Users\\roshn\\OneDrive\\Desktop\\Green-Hulk\\backend\\src\\main.ts","statementMap":{"0":{"start":{"line":1,"column":0},"end":{"line":1,"column":43}},"1":{"start":{"line":2,"column":0},"end":{"line":2,"column":56}},"2":{"start":{"line":3,"column":0},"end":{"line":3,"column":65}},"3":{"start":{"line":4,"column":0},"end":{"line":4,"column":41}},"4":{"start":{"line":7,"column":19},"end":{"line":7,"column":42}},"5":{"start":{"line":8,"column":16},"end":{"line":8,"column":51}},"6":{"start":{"line":11,"column":4},"end":{"line":15,"column":7}},"7":{"start":{"line":18,"column":4},"end":{"line":24,"column":6}},"8":{"start":{"line":27,"column":19},"end":{"line":35,"column":16}},"9":{"start":{"line":37,"column":21},"end":{"line":37,"column":62}},"10":{"start":{"line":38,"column":4},"end":{"line":38,"column":51}},"11":{"start":{"line":40,"column":17},"end":{"line":40,"column":41}},"12":{"start":{"line":41,"column":4},"end":{"line":41,"column":27}},"13":{"start":{"line":43,"column":4},"end":{"line":43,"column":70}},"14":{"start":{"line":44,"column":4},"end":{"line":44,"column":75}},"15":{"start":{"line":47,"column":0},"end":{"line":47,"column":12}}},"fnMap":{"0":{"name":"bootstrap","decl":{"start":{"line":6,"column":15},"end":{"line":6,"column":24}},"loc":{"start":{"line":6,"column":24},"end":{"line":45,"column":1}}}},"branchMap":{"0":{"loc":{"start":{"line":40,"column":17},"end":{"line":40,"column":41}},"type":"binary-expr","locations":[{"start":{"line":40,"column":17},"end":{"line":40,"column":33}},{"start":{"line":40,"column":37},"end":{"line":40,"column":41}}]}},"s":{"0":0,"1":0,"2":0,"3":0,"4":0,"5":0,"6":0,"7":0,"8":0,"9":0,"10":0,"11":0,"12":0,"13":0,"14":0,"15":0},"f":{"0":0},"b":{"0":[0,0]}}
,"C:\\Users\\roshn\\OneDrive\\Desktop\\Green-Hulk\\backend\\src\\api\\api.module.ts": {"path":"C:\\Users\\roshn\\OneDrive\\Desktop\\Green-Hulk\\backend\\src\\api\\api.module.ts","statementMap":{"0":{"start":{"line":1,"column":0},"end":{"line":1,"column":40}},"1":{"start":{"line":2,"column":0},"end":{"line":2,"column":61}},"2":{"start":{"line":3,"column":0},"end":{"line":3,"column":53}},"3":{"start":{"line":4,"column":0},"end":{"line":4,"column":65}},"4":{"start":{"line":5,"column":0},"end":{"line":5,"column":67}},"5":{"start":{"line":6,"column":0},"end":{"line":6,"column":63}},"6":{"start":{"line":7,"column":0},"end":{"line":7,"column":62}},"7":{"start":{"line":8,"column":0},"end":{"line":8,"column":59}},"8":{"start":{"line":9,"column":0},"end":{"line":9,"column":71}},"9":{"start":{"line":10,"column":0},"end":{"line":10,"column":65}},"10":{"start":{"line":11,"column":0},"end":{"line":11,"column":65}},"11":{"start":{"line":12,"column":0},"end":{"line":12,"column":41}},"12":{"start":{"line":31,"column":7},"end":{"line":31,"column":null}},"13":{"start":{"line":31,"column":13},"end":{"line":31,"column":22}},"14":{"start":{"line":31,"column":13},"end":{"line":31,"column":null}}},"fnMap":{},"branchMap":{},"s":{"0":0,"1":0,"2":0,"3":0,"4":0,"5":0,"6":0,"7":0,"8":0,"9":0,"10":0,"11":0,"12":0,"13":0,"14":0},"f":{},"b":{}}
,"C:\\Users\\roshn\\OneDrive\\Desktop\\Green-Hulk\\backend\\src\\api\\diagnosis.controller.ts": {"path":"C:\\Users\\roshn\\OneDrive\\Desktop\\Green-Hulk\\backend\\src\\api\\diagnosis.controller.ts","statementMap":{"0":{"start":{"line":1,"column":0},"end":{"line":1,"column":null}},"1":{"start":{"line":12,"column":0},"end":{"line":12,"column":59}},"2":{"start":{"line":13,"column":0},"end":{"line":13,"column":82}},"3":{"start":{"line":14,"column":0},"end":{"line":14,"column":64}},"4":{"start":{"line":15,"column":0},"end":{"line":15,"column":80}},"5":{"start":{"line":16,"column":0},"end":{"line":16,"column":62}},"6":{"start":{"line":17,"column":0},"end":{"line":17,"column":71}},"7":{"start":{"line":18,"column":0},"end":{"line":18,"column":75}},"8":{"start":{"line":19,"column":0},"end":{"line":19,"column":51}},"9":{"start":{"line":20,"column":0},"end":{"line":20,"column":37}},"10":{"start":{"line":21,"column":0},"end":{"line":21,"column":67}},"11":{"start":{"line":25,"column":32},"end":{"line":138,"column":null}},"12":{"start":{"line":29,"column":25},"end":{"line":29,"column":43}},"13":{"start":{"line":30,"column":25},"end":{"line":30,"column":43}},"14":{"start":{"line":31,"column":25},"end":{"line":31,"column":38}},"15":{"start":{"line":33,"column":25},"end":{"line":33,"column":41}},"16":{"start":{"line":26,"column":21},"end":{"line":26,"column":67}},"17":{"start":{"line":49,"column":8},"end":{"line":51,"column":9}},"18":{"start":{"line":50,"column":12},"end":{"line":50,"column":68}},"19":{"start":{"line":54,"column":24},"end":{"line":54,"column":40}},"20":{"start":{"line":55,"column":8},"end":{"line":57,"column":9}},"21":{"start":{"line":56,"column":12},"end":{"line":56,"column":77}},"22":{"start":{"line":60,"column":29},"end":{"line":60,"column":69}},"23":{"start":{"line":61,"column":8},"end":{"line":65,"column":9}},"24":{"start":{"line":62,"column":12},"end":{"line":64,"column":14}},"25":{"start":{"line":68,"column":8},"end":{"line":72,"column":9}},"26":{"start":{"line":69,"column":12},"end":{"line":71,"column":14}},"27":{"start":{"line":74,"column":8},"end":{"line":76,"column":10}},"28":{"start":{"line":79,"column":23},"end":{"line":81,"column":null}},"29":{"start":{"line":85,"column":8},"end":{"line":98,"column":9}},"30":{"start":{"line":86,"column":31},"end":{"line":94,"column":14}},"31":{"start":{"line":96,"column":12},"end":{"line":96,"column":55}},"32":{"start":{"line":97,"column":12},"end":{"line":97,"column":70}},"33":{"start":{"line":100,"column":8},"end":{"line":100,"column":64}},"34":{"start":{"line":110,"column":8},"end":{"line":113,"column":10}},"35":{"start":{"line":123,"column":8},"end":{"line":127,"column":9}},"36":{"start":{"line":124,"column":12},"end":{"line":126,"column":14}},"37":{"start":{"line":129,"column":26},"end":{"line":129,"column":57}},"38":{"start":{"line":130,"column":25},"end":{"line":130,"column":82}},"39":{"start":{"line":132,"column":8},"end":{"line":136,"column":10}},"40":{"start":{"line":25,"column":13},"end":{"line":25,"column":32}},"41":{"start":{"line":45,"column":10},"end":{"line":101,"column":null}},"42":{"start":{"line":109,"column":4},"end":{"line":114,"column":null}},"43":{"start":{"line":122,"column":4},"end":{"line":137,"column":null}},"44":{"start":{"line":25,"column":13},"end":{"line":138,"column":null}}},"fnMap":{"0":{"name":"(anonymous_4)","decl":{"start":{"line":28,"column":4},"end":{"line":28,"column":null}},"loc":{"start":{"line":33,"column":63},"end":{"line":34,"column":9}}},"1":{"name":"(anonymous_5)","decl":{"start":{"line":45,"column":4},"end":{"line":45,"column":9}},"loc":{"start":{"line":47,"column":39},"end":{"line":101,"column":5}}},"2":{"name":"(anonymous_6)","decl":{"start":{"line":109,"column":4},"end":{"line":109,"column":21}},"loc":{"start":{"line":109,"column":21},"end":{"line":114,"column":5}}},"3":{"name":"(anonymous_7)","decl":{"start":{"line":122,"column":4},"end":{"line":122,"column":22}},"loc":{"start":{"line":122,"column":50},"end":{"line":137,"column":5}}}},"branchMap":{"0":{"loc":{"start":{"line":49,"column":8},"end":{"line":51,"column":9}},"type":"if","locations":[{"start":{"line":49,"column":8},"end":{"line":51,"column":9}}]},"1":{"loc":{"start":{"line":55,"column":8},"end":{"line":57,"column":9}},"type":"if","locations":[{"start":{"line":55,"column":8},"end":{"line":57,"column":9}}]},"2":{"loc":{"start":{"line":61,"column":8},"end":{"line":65,"column":9}},"type":"if","locations":[{"start":{"line":61,"column":8},"end":{"line":65,"column":9}}]},"3":{"loc":{"start":{"line":68,"column":8},"end":{"line":72,"column":9}},"type":"if","locations":[{"start":{"line":68,"column":8},"end":{"line":72,"column":9}}]},"4":{"loc":{"start":{"line":85,"column":8},"end":{"line":98,"column":9}},"type":"if","locations":[{"start":{"line":85,"column":8},"end":{"line":98,"column":9}}]},"5":{"loc":{"start":{"line":123,"column":8},"end":{"line":127,"column":9}},"type":"if","locations":[{"start":{"line":123,"column":8},"end":{"line":127,"column":9}}]}},"s":{"0":0,"1":0,"2":0,"3":0,"4":0,"5":0,"6":0,"7":0,"8":0,"9":0,"10":0,"11":0,"12":0,"13":0,"14":0,"15":0,"16":0,"17":0,"18":0,"19":0,"20":0,"21":0,"22":0,"23":0,"24":0,"25":0,"26":0,"27":0,"28":0,"29":0,"30":0,"31":0,"32":0,"33":0,"34":0,"35":0,"36":0,"37":0,"38":0,"39":0,"40":0,"41":0,"42":0,"43":0,"44":0},"f":{"0":0,"1":0,"2":0,"3":0},"b":{"0":[0],"1":[0],"2":[0],"3":[0],"4":[0],"5":[0]}}
,"C:\\Users\\roshn\\OneDrive\\Desktop\\Green-Hulk\\backend\\src\\api\\localization.controller.ts": {"path":"C:\\Users\\roshn\\OneDrive\\Desktop\\Green-Hulk\\backend\\src\\api\\localization.controller.ts","statementMap":{"0":{"start":{"line":1,"column":0},"end":{"line":1,"column":65}},"1":{"start":{"line":2,"column":0},"end":{"line":2,"column":80}},"2":{"start":{"line":3,"column":0},"end":{"line":3,"column":73}},"3":{"start":{"line":11,"column":7},"end":{"line":80,"column":null}},"4":{"start":{"line":12,"column":33},"end":{"line":12,"column":54}},"5":{"start":{"line":25,"column":8},"end":{"line":25,"column":66}},"6":{"start":{"line":43,"column":25},"end":{"line":43,"column":80}},"7":{"start":{"line":44,"column":29},"end":{"line":44,"column":85}},"8":{"start":{"line":46,"column":8},"end":{"line":49,"column":10}},"9":{"start":{"line":58,"column":26},"end":{"line":58,"column":80}},"10":{"start":{"line":59,"column":29},"end":{"line":60,"column":null}},"11":{"start":{"line":60,"column":44},"end":{"line":60,"column":90}},"12":{"start":{"line":63,"column":8},"end":{"line":65,"column":10}},"13":{"start":{"line":77,"column":22},"end":{"line":77,"column":82}},"14":{"start":{"line":78,"column":8},"end":{"line":78,"column":30}},"15":{"start":{"line":11,"column":13},"end":{"line":11,"column":35}},"16":{"start":{"line":24,"column":10},"end":{"line":26,"column":null}},"17":{"start":{"line":42,"column":10},"end":{"line":50,"column":null}},"18":{"start":{"line":57,"column":10},"end":{"line":66,"column":null}},"19":{"start":{"line":73,"column":10},"end":{"line":79,"column":null}},"20":{"start":{"line":11,"column":13},"end":{"line":80,"column":null}}},"fnMap":{"0":{"name":"(anonymous_4)","decl":{"start":{"line":12,"column":4},"end":{"line":12,"column":33}},"loc":{"start":{"line":12,"column":73},"end":{"line":12,"column":78}}},"1":{"name":"(anonymous_5)","decl":{"start":{"line":24,"column":4},"end":{"line":24,"column":9}},"loc":{"start":{"line":24,"column":61},"end":{"line":26,"column":5}}},"2":{"name":"(anonymous_6)","decl":{"start":{"line":42,"column":4},"end":{"line":42,"column":9}},"loc":{"start":{"line":42,"column":76},"end":{"line":50,"column":5}}},"3":{"name":"(anonymous_7)","decl":{"start":{"line":57,"column":4},"end":{"line":57,"column":9}},"loc":{"start":{"line":57,"column":31},"end":{"line":66,"column":5}}},"4":{"name":"(anonymous_8)","decl":{"start":{"line":60,"column":26},"end":{"line":60,"column":27}},"loc":{"start":{"line":60,"column":44},"end":{"line":60,"column":90}}},"5":{"name":"(anonymous_9)","decl":{"start":{"line":73,"column":4},"end":{"line":73,"column":9}},"loc":{"start":{"line":75,"column":33},"end":{"line":79,"column":5}}}},"branchMap":{},"s":{"0":0,"1":0,"2":0,"3":0,"4":0,"5":0,"6":0,"7":0,"8":0,"9":0,"10":0,"11":0,"12":0,"13":0,"14":0,"15":0,"16":0,"17":0,"18":0,"19":0,"20":0},"f":{"0":0,"1":0,"2":0,"3":0,"4":0,"5":0},"b":{}}
,"C:\\Users\\roshn\\OneDrive\\Desktop\\Green-Hulk\\backend\\src\\api\\preferences.controller.ts": {"path":"C:\\Users\\roshn\\OneDrive\\Desktop\\Green-Hulk\\backend\\src\\api\\preferences.controller.ts","statementMap":{"0":{"start":{"line":1,"column":0},"end":{"line":1,"column":null}},"1":{"start":{"line":10,"column":0},"end":{"line":10,"column":69}},"2":{"start":{"line":11,"column":0},"end":{"line":11,"column":85}},"3":{"start":{"line":13,"column":0},"end":{"line":13,"column":83}},"4":{"start":{"line":21,"column":7},"end":{"line":98,"column":null}},"5":{"start":{"line":23,"column":25},"end":{"line":23,"column":45}},"6":{"start":{"line":24,"column":25},"end":{"line":24,"column":41}},"7":{"start":{"line":33,"column":8},"end":{"line":33,"column":66}},"8":{"start":{"line":47,"column":8},"end":{"line":47,"column":68}},"9":{"start":{"line":58,"column":23},"end":{"line":58,"column":72}},"10":{"start":{"line":59,"column":8},"end":{"line":59,"column":26}},"11":{"start":{"line":72,"column":8},"end":{"line":72,"column":70}},"12":{"start":{"line":85,"column":8},"end":{"line":85,"column":83}},"13":{"start":{"line":96,"column":8},"end":{"line":96,"column":52}},"14":{"start":{"line":21,"column":13},"end":{"line":21,"column":34}},"15":{"start":{"line":32,"column":10},"end":{"line":34,"column":null}},"16":{"start":{"line":43,"column":10},"end":{"line":48,"column":null}},"17":{"start":{"line":57,"column":10},"end":{"line":60,"column":null}},"18":{"start":{"line":68,"column":10},"end":{"line":73,"column":null}},"19":{"start":{"line":81,"column":10},"end":{"line":86,"column":null}},"20":{"start":{"line":95,"column":10},"end":{"line":97,"column":null}},"21":{"start":{"line":21,"column":13},"end":{"line":98,"column":null}}},"fnMap":{"0":{"name":"(anonymous_4)","decl":{"start":{"line":22,"column":4},"end":{"line":22,"column":null}},"loc":{"start":{"line":24,"column":62},"end":{"line":25,"column":9}}},"1":{"name":"(anonymous_5)","decl":{"start":{"line":32,"column":4},"end":{"line":32,"column":9}},"loc":{"start":{"line":32,"column":74},"end":{"line":34,"column":5}}},"2":{"name":"(anonymous_6)","decl":{"start":{"line":43,"column":4},"end":{"line":43,"column":9}},"loc":{"start":{"line":45,"column":38},"end":{"line":48,"column":5}}},"3":{"name":"(anonymous_7)","decl":{"start":{"line":57,"column":4},"end":{"line":57,"column":9}},"loc":{"start":{"line":57,"column":67},"end":{"line":60,"column":5}}},"4":{"name":"(anonymous_8)","decl":{"start":{"line":68,"column":4},"end":{"line":68,"column":9}},"loc":{"start":{"line":70,"column":42},"end":{"line":73,"column":5}}},"5":{"name":"(anonymous_9)","decl":{"start":{"line":81,"column":4},"end":{"line":81,"column":9}},"loc":{"start":{"line":83,"column":53},"end":{"line":86,"column":5}}},"6":{"name":"(anonymous_10)","decl":{"start":{"line":95,"column":4},"end":{"line":95,"column":9}},"loc":{"start":{"line":95,"column":24},"end":{"line":97,"column":5}}}},"branchMap":{},"s":{"0":0,"1":0,"2":0,"3":0,"4":0,"5":0,"6":0,"7":0,"8":0,"9":0,"10":0,"11":0,"12":0,"13":0,"14":0,"15":0,"16":0,"17":0,"18":0,"19":0,"20":0,"21":0},"f":{"0":0,"1":0,"2":0,"3":0,"4":0,"5":0,"6":0},"b":{}}
,"C:\\Users\\roshn\\OneDrive\\Desktop\\Green-Hulk\\backend\\src\\api\\scans.controller.ts": {"path":"C:\\Users\\roshn\\OneDrive\\Desktop\\Green-Hulk\\backend\\src\\api\\scans.controller.ts","statementMap":{"0":{"start":{"line":1,"column":0},"end":{"line":1,"column":null}},"1":{"start":{"line":9,"column":0},"end":{"line":9,"column":69}},"2":{"start":{"line":10,"column":0},"end":{"line":10,"column":77}},"3":{"start":{"line":11,"column":0},"end":{"line":11,"column":83}},"4":{"start":{"line":20,"column":7},"end":{"line":91,"column":null}},"5":{"start":{"line":22,"column":25},"end":{"line":22,"column":45}},"6":{"start":{"line":23,"column":25},"end":{"line":23,"column":41}},"7":{"start":{"line":37,"column":8},"end":{"line":37,"column":71}},"8":{"start":{"line":46,"column":8},"end":{"line":46,"column":61}},"9":{"start":{"line":57,"column":8},"end":{"line":57,"column":68}},"10":{"start":{"line":71,"column":8},"end":{"line":71,"column":52}},"11":{"start":{"line":80,"column":8},"end":{"line":80,"column":54}},"12":{"start":{"line":89,"column":8},"end":{"line":89,"column":64}},"13":{"start":{"line":20,"column":13},"end":{"line":20,"column":28}},"14":{"start":{"line":33,"column":10},"end":{"line":38,"column":null}},"15":{"start":{"line":45,"column":10},"end":{"line":47,"column":null}},"16":{"start":{"line":56,"column":10},"end":{"line":58,"column":null}},"17":{"start":{"line":70,"column":10},"end":{"line":72,"column":null}},"18":{"start":{"line":79,"column":10},"end":{"line":81,"column":null}},"19":{"start":{"line":88,"column":10},"end":{"line":90,"column":null}},"20":{"start":{"line":20,"column":13},"end":{"line":91,"column":null}}},"fnMap":{"0":{"name":"(anonymous_4)","decl":{"start":{"line":21,"column":4},"end":{"line":21,"column":null}},"loc":{"start":{"line":23,"column":62},"end":{"line":24,"column":9}}},"1":{"name":"(anonymous_5)","decl":{"start":{"line":33,"column":4},"end":{"line":33,"column":9}},"loc":{"start":{"line":35,"column":56},"end":{"line":38,"column":5}}},"2":{"name":"(anonymous_6)","decl":{"start":{"line":45,"column":4},"end":{"line":45,"column":9}},"loc":{"start":{"line":45,"column":73},"end":{"line":47,"column":5}}},"3":{"name":"(anonymous_7)","decl":{"start":{"line":56,"column":4},"end":{"line":56,"column":9}},"loc":{"start":{"line":56,"column":56},"end":{"line":58,"column":5}}},"4":{"name":"(anonymous_8)","decl":{"start":{"line":70,"column":4},"end":{"line":70,"column":9}},"loc":{"start":{"line":70,"column":24},"end":{"line":72,"column":5}}},"5":{"name":"(anonymous_9)","decl":{"start":{"line":79,"column":4},"end":{"line":79,"column":9}},"loc":{"start":{"line":79,"column":22},"end":{"line":81,"column":5}}},"6":{"name":"(anonymous_10)","decl":{"start":{"line":88,"column":4},"end":{"line":88,"column":9}},"loc":{"start":{"line":88,"column":59},"end":{"line":90,"column":5}}}},"branchMap":{"0":{"loc":{"start":{"line":35,"column":38},"end":{"line":35,"column":56}},"type":"default-arg","locations":[{"start":{"line":35,"column":54},"end":{"line":35,"column":56}}]},"1":{"loc":{"start":{"line":45,"column":55},"end":{"line":45,"column":73}},"type":"default-arg","locations":[{"start":{"line":45,"column":71},"end":{"line":45,"column":73}}]}},"s":{"0":0,"1":0,"2":0,"3":0,"4":0,"5":0,"6":0,"7":0,"8":0,"9":0,"10":0,"11":0,"12":0,"13":0,"14":0,"15":0,"16":0,"17":0,"18":0,"19":0,"20":0},"f":{"0":0,"1":0,"2":0,"3":0,"4":0,"5":0,"6":0},"b":{"0":[0],"1":[0]}}
,"C:\\Users\\roshn\\OneDrive\\Desktop\\Green-Hulk\\backend\\src\\api\\treatments.controller.ts": {"path":"C:\\Users\\roshn\\OneDrive\\Desktop\\Green-Hulk\\backend\\src\\api\\treatments.controller.ts","statementMap":{"0":{"start":{"line":1,"column":0},"end":{"line":1,"column":78}},"1":{"start":{"line":2,"column":0},"end":{"line":2,"column":79}},"2":{"start":{"line":3,"column":0},"end":{"line":3,"column":67}},"3":{"start":{"line":11,"column":7},"end":{"line":123,"column":null}},"4":{"start":{"line":12,"column":33},"end":{"line":12,"column":52}},"5":{"start":{"line":20,"column":8},"end":{"line":20,"column":55}},"6":{"start":{"line":44,"column":8},"end":{"line":44,"column":81}},"7":{"start":{"line":58,"column":27},"end":{"line":58,"column":88}},"8":{"start":{"line":59,"column":8},"end":{"line":59,"column":56}},"9":{"start":{"line":68,"column":27},"end":{"line":68,"column":89}},"10":{"start":{"line":69,"column":8},"end":{"line":69,"column":56}},"11":{"start":{"line":89,"column":8},"end":{"line":93,"column":10}},"12":{"start":{"line":103,"column":8},"end":{"line":103,"column":66}},"13":{"start":{"line":112,"column":8},"end":{"line":112,"column":68}},"14":{"start":{"line":121,"column":8},"end":{"line":121,"column":64}},"15":{"start":{"line":11,"column":13},"end":{"line":11,"column":33}},"16":{"start":{"line":19,"column":10},"end":{"line":21,"column":null}},"17":{"start":{"line":39,"column":10},"end":{"line":45,"column":null}},"18":{"start":{"line":57,"column":10},"end":{"line":60,"column":null}},"19":{"start":{"line":67,"column":10},"end":{"line":70,"column":null}},"20":{"start":{"line":84,"column":10},"end":{"line":94,"column":null}},"21":{"start":{"line":102,"column":10},"end":{"line":104,"column":null}},"22":{"start":{"line":111,"column":10},"end":{"line":113,"column":null}},"23":{"start":{"line":120,"column":10},"end":{"line":122,"column":null}},"24":{"start":{"line":11,"column":13},"end":{"line":123,"column":null}}},"fnMap":{"0":{"name":"(anonymous_4)","decl":{"start":{"line":12,"column":4},"end":{"line":12,"column":33}},"loc":{"start":{"line":12,"column":69},"end":{"line":12,"column":74}}},"1":{"name":"(anonymous_5)","decl":{"start":{"line":19,"column":4},"end":{"line":19,"column":9}},"loc":{"start":{"line":19,"column":24},"end":{"line":21,"column":5}}},"2":{"name":"(anonymous_6)","decl":{"start":{"line":39,"column":4},"end":{"line":39,"column":9}},"loc":{"start":{"line":42,"column":29},"end":{"line":45,"column":5}}},"3":{"name":"(anonymous_7)","decl":{"start":{"line":57,"column":4},"end":{"line":57,"column":9}},"loc":{"start":{"line":57,"column":70},"end":{"line":60,"column":5}}},"4":{"name":"(anonymous_8)","decl":{"start":{"line":67,"column":4},"end":{"line":67,"column":9}},"loc":{"start":{"line":67,"column":71},"end":{"line":70,"column":5}}},"5":{"name":"(anonymous_9)","decl":{"start":{"line":84,"column":4},"end":{"line":84,"column":9}},"loc":{"start":{"line":87,"column":78},"end":{"line":94,"column":5}}},"6":{"name":"(anonymous_10)","decl":{"start":{"line":102,"column":4},"end":{"line":102,"column":9}},"loc":{"start":{"line":102,"column":65},"end":{"line":104,"column":5}}},"7":{"name":"(anonymous_11)","decl":{"start":{"line":111,"column":4},"end":{"line":111,"column":9}},"loc":{"start":{"line":111,"column":67},"end":{"line":113,"column":5}}},"8":{"name":"(anonymous_12)","decl":{"start":{"line":120,"column":4},"end":{"line":120,"column":9}},"loc":{"start":{"line":120,"column":61},"end":{"line":122,"column":5}}}},"branchMap":{},"s":{"0":0,"1":0,"2":0,"3":0,"4":0,"5":0,"6":0,"7":0,"8":0,"9":0,"10":0,"11":0,"12":0,"13":0,"14":0,"15":0,"16":0,"17":0,"18":0,"19":0,"20":0,"21":0,"22":0,"23":0,"24":0},"f":{"0":0,"1":0,"2":0,"3":0,"4":0,"5":0,"6":0,"7":0,"8":0},"b":{}}
,"C:\\Users\\roshn\\OneDrive\\Desktop\\Green-Hulk\\backend\\src\\common\\dtos\\diagnose-request.dto.ts": {"path":"C:\\Users\\roshn\\OneDrive\\Desktop\\Green-Hulk\\backend\\src\\common\\dtos\\diagnose-request.dto.ts","statementMap":{"0":{"start":{"line":1,"column":0},"end":{"line":1,"column":55}},"1":{"start":{"line":2,"column":0},"end":{"line":2,"column":46}},"2":{"start":{"line":4,"column":0},"end":{"line":4,"column":13}},"3":{"start":{"line":27,"column":4},"end":{"line":27,"column":null}}},"fnMap":{},"branchMap":{},"s":{"0":0,"1":0,"2":0,"3":0},"f":{},"b":{}}
,"C:\\Users\\roshn\\OneDrive\\Desktop\\Green-Hulk\\backend\\src\\common\\dtos\\diagnosis-response.dto.ts": {"path":"C:\\Users\\roshn\\OneDrive\\Desktop\\Green-Hulk\\backend\\src\\common\\dtos\\diagnosis-response.dto.ts","statementMap":{"0":{"start":{"line":1,"column":0},"end":{"line":1,"column":46}},"1":{"start":{"line":43,"column":20},"end":{"line":43,"column":46}},"2":{"start":{"line":44,"column":8},"end":{"line":44,"column":31}},"3":{"start":{"line":46,"column":8},"end":{"line":67,"column":9}},"4":{"start":{"line":48,"column":16},"end":{"line":48,"column":45}},"5":{"start":{"line":49,"column":16},"end":{"line":49,"column":51}},"6":{"start":{"line":50,"column":16},"end":{"line":50,"column":47}},"7":{"start":{"line":51,"column":16},"end":{"line":51,"column":47}},"8":{"start":{"line":52,"column":16},"end":{"line":52,"column":49}},"9":{"start":{"line":53,"column":16},"end":{"line":53,"column":22}},"10":{"start":{"line":59,"column":16},"end":{"line":59,"column":45}},"11":{"start":{"line":60,"column":16},"end":{"line":60,"column":22}},"12":{"start":{"line":63,"column":16},"end":{"line":63,"column":55}},"13":{"start":{"line":64,"column":16},"end":{"line":64,"column":55}},"14":{"start":{"line":65,"column":16},"end":{"line":65,"column":45}},"15":{"start":{"line":66,"column":16},"end":{"line":66,"column":22}},"16":{"start":{"line":69,"column":8},"end":{"line":69,"column":19}},"17":{"start":{"line":4,"column":0},"end":{"line":4,"column":13}},"18":{"start":{"line":16,"column":4},"end":{"line":16,"column":null}},"19":{"start":{"line":19,"column":4},"end":{"line":19,"column":null}},"20":{"start":{"line":22,"column":4},"end":{"line":22,"column":null}},"21":{"start":{"line":25,"column":4},"end":{"line":25,"column":null}},"22":{"start":{"line":28,"column":4},"end":{"line":28,"column":null}},"23":{"start":{"line":31,"column":4},"end":{"line":31,"column":null}},"24":{"start":{"line":34,"column":4},"end":{"line":34,"column":null}},"25":{"start":{"line":37,"column":4},"end":{"line":37,"column":null}},"26":{"start":{"line":40,"column":4},"end":{"line":40,"column":null}}},"fnMap":{"0":{"name":"(anonymous_2)","decl":{"start":{"line":42,"column":4},"end":{"line":42,"column":10}},"loc":{"start":{"line":42,"column":54},"end":{"line":70,"column":5}}}},"branchMap":{"0":{"loc":{"start":{"line":46,"column":8},"end":{"line":67,"column":9}},"type":"switch","locations":[{"start":{"line":47,"column":12},"end":{"line":53,"column":22}},{"start":{"line":55,"column":12},"end":{"line":55,"column":31}},{"start":{"line":56,"column":12},"end":{"line":56,"column":37}},{"start":{"line":57,"column":12},"end":{"line":57,"column":33}},{"start":{"line":58,"column":12},"end":{"line":60,"column":22}},{"start":{"line":62,"column":12},"end":{"line":66,"column":22}}]}},"s":{"0":0,"1":0,"2":0,"3":0,"4":0,"5":0,"6":0,"7":0,"8":0,"9":0,"10":0,"11":0,"12":0,"13":0,"14":0,"15":0,"16":0,"17":0,"18":0,"19":0,"20":0,"21":0,"22":0,"23":0,"24":0,"25":0,"26":0},"f":{"0":0},"b":{"0":[0,0,0,0,0,0]}}
,"C:\\Users\\roshn\\OneDrive\\Desktop\\Green-Hulk\\backend\\src\\common\\exceptions\\custom.exceptions.ts": {"path":"C:\\Users\\roshn\\OneDrive\\Desktop\\Green-Hulk\\backend\\src\\common\\exceptions\\custom.exceptions.ts","statementMap":{"0":{"start":{"line":5,"column":8},"end":{"line":5,"column":23}},"1":{"start":{"line":6,"column":8},"end":{"line":6,"column":41}},"2":{"start":{"line":3,"column":0},"end":{"line":3,"column":13}},"3":{"start":{"line":12,"column":8},"end":{"line":12,"column":55}},"4":{"start":{"line":13,"column":8},"end":{"line":13,"column":45}},"5":{"start":{"line":10,"column":0},"end":{"line":10,"column":13}},"6":{"start":{"line":19,"column":8},"end":{"line":19,"column":53}},"7":{"start":{"line":20,"column":8},"end":{"line":20,"column":46}},"8":{"start":{"line":17,"column":0},"end":{"line":17,"column":13}},"9":{"start":{"line":26,"column":8},"end":{"line":26,"column":64}},"10":{"start":{"line":27,"column":8},"end":{"line":27,"column":49}},"11":{"start":{"line":24,"column":0},"end":{"line":24,"column":13}},"12":{"start":{"line":33,"column":8},"end":{"line":33,"column":23}},"13":{"start":{"line":34,"column":8},"end":{"line":34,"column":41}},"14":{"start":{"line":31,"column":0},"end":{"line":31,"column":13}},"15":{"start":{"line":40,"column":8},"end":{"line":40,"column":23}},"16":{"start":{"line":41,"column":8},"end":{"line":41,"column":47}},"17":{"start":{"line":38,"column":0},"end":{"line":38,"column":13}},"18":{"start":{"line":47,"column":8},"end":{"line":49,"column":10}},"19":{"start":{"line":50,"column":8},"end":{"line":50,"column":47}},"20":{"start":{"line":45,"column":0},"end":{"line":45,"column":13}}},"fnMap":{"0":{"name":"(anonymous_0)","decl":{"start":{"line":4,"column":4},"end":{"line":4,"column":16}},"loc":{"start":{"line":4,"column":31},"end":{"line":7,"column":5}}},"1":{"name":"(anonymous_1)","decl":{"start":{"line":11,"column":4},"end":{"line":11,"column":16}},"loc":{"start":{"line":11,"column":28},"end":{"line":14,"column":5}}},"2":{"name":"(anonymous_2)","decl":{"start":{"line":18,"column":4},"end":{"line":18,"column":16}},"loc":{"start":{"line":18,"column":31},"end":{"line":21,"column":5}}},"3":{"name":"(anonymous_3)","decl":{"start":{"line":25,"column":4},"end":{"line":25,"column":16}},"loc":{"start":{"line":25,"column":31},"end":{"line":28,"column":5}}},"4":{"name":"(anonymous_4)","decl":{"start":{"line":32,"column":4},"end":{"line":32,"column":16}},"loc":{"start":{"line":32,"column":31},"end":{"line":35,"column":5}}},"5":{"name":"(anonymous_5)","decl":{"start":{"line":39,"column":4},"end":{"line":39,"column":16}},"loc":{"start":{"line":39,"column":31},"end":{"line":42,"column":5}}},"6":{"name":"(anonymous_6)","decl":{"start":{"line":46,"column":4},"end":{"line":46,"column":16}},"loc":{"start":{"line":46,"column":54},"end":{"line":51,"column":5}}}},"branchMap":{},"s":{"0":0,"1":0,"2":0,"3":0,"4":0,"5":0,"6":0,"7":0,"8":0,"9":0,"10":0,"11":0,"12":0,"13":0,"14":0,"15":0,"16":0,"17":0,"18":0,"19":0,"20":0},"f":{"0":0,"1":0,"2":0,"3":0,"4":0,"5":0,"6":0},"b":{}}
,"C:\\Users\\roshn\\OneDrive\\Desktop\\Green-Hulk\\backend\\src\\common\\types\\diagnosis-result.types.ts": {"path":"C:\\Users\\roshn\\OneDrive\\Desktop\\Green-Hulk\\backend\\src\\common\\types\\diagnosis-result.types.ts","statementMap":{"0":{"start":{"line":3,"column":0},"end":{"line":3,"column":null}},"1":{"start":{"line":4,"column":4},"end":{"line":4,"column":null}},"2":{"start":{"line":5,"column":4},"end":{"line":5,"column":null}},"3":{"start":{"line":6,"column":4},"end":{"line":6,"column":null}},"4":{"start":{"line":9,"column":0},"end":{"line":9,"column":null}},"5":{"start":{"line":10,"column":4},"end":{"line":10,"column":null}},"6":{"start":{"line":11,"column":4},"end":{"line":11,"column":null}},"7":{"start":{"line":12,"column":4},"end":{"line":12,"column":null}},"8":{"start":{"line":13,"column":4},"end":{"line":13,"column":null}},"9":{"start":{"line":16,"column":0},"end":{"line":16,"column":null}},"10":{"start":{"line":17,"column":4},"end":{"line":17,"column":null}},"11":{"start":{"line":18,"column":4},"end":{"line":18,"column":null}},"12":{"start":{"line":21,"column":0},"end":{"line":21,"column":null}},"13":{"start":{"line":22,"column":4},"end":{"line":22,"column":null}},"14":{"start":{"line":23,"column":4},"end":{"line":23,"column":null}},"15":{"start":{"line":24,"column":4},"end":{"line":24,"column":null}},"16":{"start":{"line":25,"column":4},"end":{"line":25,"column":null}}},"fnMap":{"0":{"name":"(anonymous_0)","decl":{"start":{"line":3,"column":0},"end":{"line":3,"column":12}},"loc":{"start":{"line":3,"column":28},"end":{"line":7,"column":1}}},"1":{"name":"(anonymous_1)","decl":{"start":{"line":9,"column":0},"end":{"line":9,"column":12}},"loc":{"start":{"line":9,"column":21},"end":{"line":14,"column":1}}},"2":{"name":"(anonymous_2)","decl":{"start":{"line":16,"column":0},"end":{"line":16,"column":12}},"loc":{"start":{"line":16,"column":25},"end":{"line":19,"column":1}}},"3":{"name":"(anonymous_3)","decl":{"start":{"line":21,"column":0},"end":{"line":21,"column":12}},"loc":{"start":{"line":21,"column":21},"end":{"line":26,"column":1}}}},"branchMap":{"0":{"loc":{"start":{"line":3,"column":12},"end":{"line":3,"column":null}},"type":"binary-expr","locations":[{"start":{"line":3,"column":12},"end":{"line":3,"column":28}},{"start":{"line":3,"column":28},"end":{"line":3,"column":null}}]},"1":{"loc":{"start":{"line":9,"column":12},"end":{"line":9,"column":null}},"type":"binary-expr","locations":[{"start":{"line":9,"column":12},"end":{"line":9,"column":21}},{"start":{"line":9,"column":21},"end":{"line":9,"column":null}}]},"2":{"loc":{"start":{"line":16,"column":12},"end":{"line":16,"column":null}},"type":"binary-expr","locations":[{"start":{"line":16,"column":12},"end":{"line":16,"column":25}},{"start":{"line":16,"column":25},"end":{"line":16,"column":null}}]},"3":{"loc":{"start":{"line":21,"column":12},"end":{"line":21,"column":null}},"type":"binary-expr","locations":[{"start":{"line":21,"column":12},"end":{"line":21,"column":21}},{"start":{"line":21,"column":21},"end":{"line":21,"column":null}}]}},"s":{"0":0,"1":0,"2":0,"3":0,"4":0,"5":0,"6":0,"7":0,"8":0,"9":0,"10":0,"11":0,"12":0,"13":0,"14":0,"15":0,"16":0},"f":{"0":0,"1":0,"2":0,"3":0},"b":{"0":[0,0],"1":[0,0],"2":[0,0],"3":[0,0]}}
,"C:\\Users\\roshn\\OneDrive\\Desktop\\Green-Hulk\\backend\\src\\database\\database.module.ts": {"path":"C:\\Users\\roshn\\OneDrive\\Desktop\\Green-Hulk\\backend\\src\\database\\database.module.ts","statementMap":{"0":{"start":{"line":1,"column":0},"end":{"line":1,"column":40}},"1":{"start":{"line":2,"column":0},"end":{"line":2,"column":48}},"2":{"start":{"line":3,"column":0},"end":{"line":3,"column":61}},"3":{"start":{"line":4,"column":0},"end":{"line":4,"column":59}},"4":{"start":{"line":5,"column":0},"end":{"line":5,"column":65}},"5":{"start":{"line":6,"column":0},"end":{"line":6,"column":69}},"6":{"start":{"line":7,"column":0},"end":{"line":7,"column":77}},"7":{"start":{"line":8,"column":0},"end":{"line":8,"column":69}},"8":{"start":{"line":9,"column":0},"end":{"line":9,"column":75}},"9":{"start":{"line":38,"column":7},"end":{"line":38,"column":null}},"10":{"start":{"line":38,"column":13},"end":{"line":38,"column":27}},"11":{"start":{"line":38,"column":13},"end":{"line":38,"column":null}},"12":{"start":{"line":15,"column":59},"end":{"line":21,"column":14}}},"fnMap":{"0":{"name":"(anonymous_1)","decl":{"start":{"line":15,"column":24},"end":{"line":15,"column":25}},"loc":{"start":{"line":15,"column":59},"end":{"line":21,"column":14}}}},"branchMap":{"0":{"loc":{"start":{"line":17,"column":26},"end":{"line":17,"column":91}},"type":"binary-expr","locations":[{"start":{"line":17,"column":26},"end":{"line":17,"column":62}},{"start":{"line":17,"column":66},"end":{"line":17,"column":91}}]}},"s":{"0":0,"1":0,"2":0,"3":0,"4":0,"5":0,"6":0,"7":0,"8":0,"9":0,"10":0,"11":0,"12":0},"f":{"0":0},"b":{"0":[0,0]}}
,"C:\\Users\\roshn\\OneDrive\\Desktop\\Green-Hulk\\backend\\src\\database\\entities\\scan-record.entity.ts": {"path":"C:\\Users\\roshn\\OneDrive\\Desktop\\Green-Hulk\\backend\\src\\database\\entities\\scan-record.entity.ts","statementMap":{"0":{"start":{"line":1,"column":0},"end":{"line":1,"column":null}},"1":{"start":{"line":9,"column":7},"end":{"line":60,"column":null}},"2":{"start":{"line":9,"column":13},"end":{"line":9,"column":23}},"3":{"start":{"line":11,"column":4},"end":{"line":11,"column":null}},"4":{"start":{"line":14,"column":4},"end":{"line":14,"column":null}},"5":{"start":{"line":17,"column":4},"end":{"line":17,"column":null}},"6":{"start":{"line":20,"column":4},"end":{"line":20,"column":null}},"7":{"start":{"line":23,"column":4},"end":{"line":23,"column":null}},"8":{"start":{"line":26,"column":4},"end":{"line":26,"column":null}},"9":{"start":{"line":29,"column":4},"end":{"line":29,"column":null}},"10":{"start":{"line":32,"column":4},"end":{"line":32,"column":null}},"11":{"start":{"line":35,"column":4},"end":{"line":35,"column":null}},"12":{"start":{"line":38,"column":4},"end":{"line":38,"column":null}},"13":{"start":{"line":41,"column":4},"end":{"line":41,"column":null}},"14":{"start":{"line":44,"column":4},"end":{"line":44,"column":null}},"15":{"start":{"line":47,"column":4},"end":{"line":47,"column":null}},"16":{"start":{"line":50,"column":4},"end":{"line":50,"column":null}},"17":{"start":{"line":53,"column":4},"end":{"line":53,"column":null}},"18":{"start":{"line":56,"column":4},"end":{"line":56,"column":null}},"19":{"start":{"line":59,"column":4},"end":{"line":59,"column":null}},"20":{"start":{"line":9,"column":13},"end":{"line":60,"column":null}}},"fnMap":{},"branchMap":{},"s":{"0":0,"1":0,"2":0,"3":0,"4":0,"5":0,"6":0,"7":0,"8":0,"9":0,"10":0,"11":0,"12":0,"13":0,"14":0,"15":0,"16":0,"17":0,"18":0,"19":0,"20":0},"f":{},"b":{}}
,"C:\\Users\\roshn\\OneDrive\\Desktop\\Green-Hulk\\backend\\src\\database\\entities\\treatment-plan.entity.ts": {"path":"C:\\Users\\roshn\\OneDrive\\Desktop\\Green-Hulk\\backend\\src\\database\\entities\\treatment-plan.entity.ts","statementMap":{"0":{"start":{"line":1,"column":0},"end":{"line":1,"column":null}},"1":{"start":{"line":9,"column":7},"end":{"line":39,"column":null}},"2":{"start":{"line":9,"column":13},"end":{"line":9,"column":26}},"3":{"start":{"line":11,"column":4},"end":{"line":11,"column":null}},"4":{"start":{"line":14,"column":4},"end":{"line":14,"column":null}},"5":{"start":{"line":17,"column":4},"end":{"line":17,"column":null}},"6":{"start":{"line":20,"column":4},"end":{"line":20,"column":null}},"7":{"start":{"line":23,"column":4},"end":{"line":23,"column":null}},"8":{"start":{"line":26,"column":4},"end":{"line":26,"column":null}},"9":{"start":{"line":29,"column":4},"end":{"line":29,"column":null}},"10":{"start":{"line":32,"column":4},"end":{"line":32,"column":null}},"11":{"start":{"line":35,"column":4},"end":{"line":35,"column":null}},"12":{"start":{"line":38,"column":4},"end":{"line":38,"column":null}},"13":{"start":{"line":9,"column":13},"end":{"line":39,"column":null}}},"fnMap":{},"branchMap":{},"s":{"0":0,"1":0,"2":0,"3":0,"4":0,"5":0,"6":0,"7":0,"8":0,"9":0,"10":0,"11":0,"12":0,"13":0},"f":{},"b":{}}
,"C:\\Users\\roshn\\OneDrive\\Desktop\\Green-Hulk\\backend\\src\\database\\entities\\user-preferences.entity.ts": {"path":"C:\\Users\\roshn\\OneDrive\\Desktop\\Green-Hulk\\backend\\src\\database\\entities\\user-preferences.entity.ts","statementMap":{"0":{"start":{"line":1,"column":0},"end":{"line":1,"column":null}},"1":{"start":{"line":9,"column":7},"end":{"line":24,"column":null}},"2":{"start":{"line":9,"column":13},"end":{"line":9,"column":28}},"3":{"start":{"line":11,"column":4},"end":{"line":11,"column":null}},"4":{"start":{"line":14,"column":4},"end":{"line":14,"column":null}},"5":{"start":{"line":17,"column":4},"end":{"line":17,"column":null}},"6":{"start":{"line":20,"column":4},"end":{"line":20,"column":null}},"7":{"start":{"line":23,"column":4},"end":{"line":23,"column":null}},"8":{"start":{"line":9,"column":13},"end":{"line":24,"column":null}}},"fnMap":{},"branchMap":{},"s":{"0":0,"1":0,"2":0,"3":0,"4":0,"5":0,"6":0,"7":0,"8":0},"f":{},"b":{}}
,"C:\\Users\\roshn\\OneDrive\\Desktop\\Green-Hulk\\backend\\src\\database\\services\\scan-history.service.ts": {"path":"C:\\Users\\roshn\\OneDrive\\Desktop\\Green-Hulk\\backend\\src\\database\\services\\scan-history.service.ts","statementMap":{"0":{"start":{"line":1,"column":0},"end":{"line":1,"column":52}},"1":{"start":{"line":2,"column":0},"end":{"line":2,"column":51}},"2":{"start":{"line":3,"column":0},"end":{"line":3,"column":47}},"3":{"start":{"line":4,"column":0},"end":{"line":4,"column":67}},"4":{"start":{"line":11,"column":31},"end":{"line":179,"column":null}},"5":{"start":{"line":16,"column":25},"end":{"line":16,"column":47}},"6":{"start":{"line":12,"column":21},"end":{"line":12,"column":66}},"7":{"start":{"line":26,"column":8},"end":{"line":26,"column":51}},"8":{"start":{"line":28,"column":27},"end":{"line":32,"column":10}},"9":{"start":{"line":34,"column":22},"end":{"line":34,"column":70}},"10":{"start":{"line":36,"column":8},"end":{"line":38,"column":10}},"11":{"start":{"line":40,"column":8},"end":{"line":40,"column":21}},"12":{"start":{"line":50,"column":22},"end":{"line":50,"column":74}},"13":{"start":{"line":52,"column":8},"end":{"line":54,"column":9}},"14":{"start":{"line":53,"column":12},"end":{"line":53,"column":67}},"15":{"start":{"line":56,"column":8},"end":{"line":59,"column":23}},"16":{"start":{"line":66,"column":8},"end":{"line":69,"column":11}},"17":{"start":{"line":76,"column":8},"end":{"line":79,"column":11}},"18":{"start":{"line":86,"column":8},"end":{"line":89,"column":11}},"19":{"start":{"line":90,"column":8},"end":{"line":90,"column":65}},"20":{"start":{"line":97,"column":27},"end":{"line":101,"column":10}},"21":{"start":{"line":103,"column":8},"end":{"line":103,"column":58}},"22":{"start":{"line":110,"column":8},"end":{"line":110,"column":68}},"23":{"start":{"line":117,"column":27},"end":{"line":117,"column":37}},"24":{"start":{"line":118,"column":8},"end":{"line":118,"column":59}},"25":{"start":{"line":120,"column":23},"end":{"line":122,"column":10}},"26":{"start":{"line":124,"column":29},"end":{"line":124,"column":49}},"27":{"start":{"line":125,"column":8},"end":{"line":125,"column":91}},"28":{"start":{"line":127,"column":8},"end":{"line":127,"column":28}},"29":{"start":{"line":138,"column":42},"end":{"line":145,"column":10}},"30":{"start":{"line":148,"column":27},"end":{"line":153,"column":25}},"31":{"start":{"line":155,"column":52},"end":{"line":155,"column":54}},"32":{"start":{"line":156,"column":8},"end":{"line":158,"column":11}},"33":{"start":{"line":157,"column":12},"end":{"line":157,"column":60}},"34":{"start":{"line":160,"column":8},"end":{"line":164,"column":10}},"35":{"start":{"line":171,"column":8},"end":{"line":177,"column":23}},"36":{"start":{"line":11,"column":13},"end":{"line":11,"column":31}},"37":{"start":{"line":11,"column":13},"end":{"line":179,"column":null}}},"fnMap":{"0":{"name":"(anonymous_4)","decl":{"start":{"line":14,"column":4},"end":{"line":14,"column":null}},"loc":{"start":{"line":16,"column":69},"end":{"line":17,"column":9}}},"1":{"name":"(anonymous_5)","decl":{"start":{"line":23,"column":4},"end":{"line":23,"column":9}},"loc":{"start":{"line":24,"column":37},"end":{"line":41,"column":5}}},"2":{"name":"(anonymous_6)","decl":{"start":{"line":46,"column":4},"end":{"line":46,"column":9}},"loc":{"start":{"line":48,"column":26},"end":{"line":60,"column":5}}},"3":{"name":"(anonymous_7)","decl":{"start":{"line":65,"column":4},"end":{"line":65,"column":9}},"loc":{"start":{"line":65,"column":43},"end":{"line":70,"column":5}}},"4":{"name":"(anonymous_8)","decl":{"start":{"line":75,"column":4},"end":{"line":75,"column":9}},"loc":{"start":{"line":75,"column":28},"end":{"line":80,"column":5}}},"5":{"name":"(anonymous_9)","decl":{"start":{"line":85,"column":4},"end":{"line":85,"column":9}},"loc":{"start":{"line":85,"column":39},"end":{"line":91,"column":5}}},"6":{"name":"(anonymous_10)","decl":{"start":{"line":96,"column":4},"end":{"line":96,"column":9}},"loc":{"start":{"line":96,"column":58},"end":{"line":104,"column":5}}},"7":{"name":"(anonymous_11)","decl":{"start":{"line":109,"column":4},"end":{"line":109,"column":9}},"loc":{"start":{"line":109,"column":32},"end":{"line":111,"column":5}}},"8":{"name":"(anonymous_12)","decl":{"start":{"line":116,"column":4},"end":{"line":116,"column":9}},"loc":{"start":{"line":116,"column":45},"end":{"line":128,"column":5}}},"9":{"name":"(anonymous_13)","decl":{"start":{"line":133,"column":4},"end":{"line":133,"column":9}},"loc":{"start":{"line":133,"column":22},"end":{"line":165,"column":5}}},"10":{"name":"(anonymous_14)","decl":{"start":{"line":156,"column":27},"end":{"line":156,"column":28}},"loc":{"start":{"line":156,"column":35},"end":{"line":158,"column":9}}},"11":{"name":"(anonymous_15)","decl":{"start":{"line":170,"column":4},"end":{"line":170,"column":9}},"loc":{"start":{"line":170,"column":45},"end":{"line":178,"column":5}}}},"branchMap":{"0":{"loc":{"start":{"line":48,"column":8},"end":{"line":48,"column":26}},"type":"default-arg","locations":[{"start":{"line":48,"column":24},"end":{"line":48,"column":26}}]},"1":{"loc":{"start":{"line":52,"column":8},"end":{"line":54,"column":9}},"type":"if","locations":[{"start":{"line":52,"column":8},"end":{"line":54,"column":9}}]},"2":{"loc":{"start":{"line":65,"column":25},"end":{"line":65,"column":43}},"type":"default-arg","locations":[{"start":{"line":65,"column":41},"end":{"line":65,"column":43}}]},"3":{"loc":{"start":{"line":116,"column":25},"end":{"line":116,"column":45}},"type":"default-arg","locations":[{"start":{"line":116,"column":43},"end":{"line":116,"column":45}}]},"4":{"loc":{"start":{"line":124,"column":29},"end":{"line":124,"column":49}},"type":"binary-expr","locations":[{"start":{"line":124,"column":29},"end":{"line":124,"column":44}},{"start":{"line":124,"column":48},"end":{"line":124,"column":49}}]}},"s":{"0":0,"1":0,"2":0,"3":0,"4":0,"5":0,"6":0,"7":0,"8":0,"9":0,"10":0,"11":0,"12":0,"13":0,"14":0,"15":0,"16":0,"17":0,"18":0,"19":0,"20":0,"21":0,"22":0,"23":0,"24":0,"25":0,"26":0,"27":0,"28":0,"29":0,"30":0,"31":0,"32":0,"33":0,"34":0,"35":0,"36":0,"37":0},"f":{"0":0,"1":0,"2":0,"3":0,"4":0,"5":0,"6":0,"7":0,"8":0,"9":0,"10":0,"11":0},"b":{"0":[0],"1":[0],"2":[0],"3":[0],"4":[0,0]}}
,"C:\\Users\\roshn\\OneDrive\\Desktop\\Green-Hulk\\backend\\src\\database\\services\\storage-utility.service.ts": {"path":"C:\\Users\\roshn\\OneDrive\\Desktop\\Green-Hulk\\backend\\src\\database\\services\\storage-utility.service.ts","statementMap":{"0":{"start":{"line":1,"column":0},"end":{"line":1,"column":52}},"1":{"start":{"line":2,"column":0},"end":{"line":2,"column":34}},"2":{"start":{"line":3,"column":0},"end":{"line":3,"column":29}},"3":{"start":{"line":10,"column":34},"end":{"line":239,"column":null}},"4":{"start":{"line":11,"column":21},"end":{"line":11,"column":69}},"5":{"start":{"line":16,"column":8},"end":{"line":16,"column":86}},"6":{"start":{"line":24,"column":24},"end":{"line":24,"column":25}},"7":{"start":{"line":26,"column":8},"end":{"line":44,"column":9}},"8":{"start":{"line":27,"column":26},"end":{"line":27,"column":48}},"9":{"start":{"line":29,"column":12},"end":{"line":31,"column":13}},"10":{"start":{"line":30,"column":16},"end":{"line":30,"column":34}},"11":{"start":{"line":33,"column":12},"end":{"line":41,"column":13}},"12":{"start":{"line":34,"column":30},"end":{"line":34,"column":55}},"13":{"start":{"line":36,"column":16},"end":{"line":40,"column":17}},"14":{"start":{"line":37,"column":37},"end":{"line":37,"column":61}},"15":{"start":{"line":38,"column":37},"end":{"line":38,"column":80}},"16":{"start":{"line":39,"column":20},"end":{"line":39,"column":42}},"17":{"start":{"line":43,"column":12},"end":{"line":43,"column":88}},"18":{"start":{"line":46,"column":8},"end":{"line":46,"column":25}},"19":{"start":{"line":66,"column":8},"end":{"line":66,"column":64}},"20":{"start":{"line":68,"column":31},"end":{"line":68,"column":84}},"21":{"start":{"line":69,"column":26},"end":{"line":69,"column":67}},"22":{"start":{"line":72,"column":26},"end":{"line":72,"column":58}},"23":{"start":{"line":74,"column":28},"end":{"line":74,"column":58}},"24":{"start":{"line":75,"column":34},"end":{"line":75,"column":66}},"25":{"start":{"line":77,"column":8},"end":{"line":79,"column":10}},"26":{"start":{"line":81,"column":8},"end":{"line":88,"column":10}},"27":{"start":{"line":95,"column":20},"end":{"line":95,"column":21}},"28":{"start":{"line":97,"column":8},"end":{"line":114,"column":9}},"29":{"start":{"line":98,"column":26},"end":{"line":98,"column":48}},"30":{"start":{"line":100,"column":12},"end":{"line":102,"column":13}},"31":{"start":{"line":101,"column":16},"end":{"line":101,"column":25}},"32":{"start":{"line":104,"column":12},"end":{"line":111,"column":13}},"33":{"start":{"line":105,"column":30},"end":{"line":105,"column":55}},"34":{"start":{"line":107,"column":16},"end":{"line":110,"column":17}},"35":{"start":{"line":108,"column":37},"end":{"line":108,"column":61}},"36":{"start":{"line":109,"column":20},"end":{"line":109,"column":61}},"37":{"start":{"line":113,"column":12},"end":{"line":113,"column":85}},"38":{"start":{"line":116,"column":8},"end":{"line":116,"column":21}},"39":{"start":{"line":128,"column":26},"end":{"line":133,"column":10}},"40":{"start":{"line":135,"column":8},"end":{"line":158,"column":9}},"41":{"start":{"line":137,"column":31},"end":{"line":137,"column":70}},"42":{"start":{"line":138,"column":12},"end":{"line":138,"column":77}},"43":{"start":{"line":141,"column":27},"end":{"line":141,"column":75}},"44":{"start":{"line":142,"column":12},"end":{"line":147,"column":13}},"45":{"start":{"line":143,"column":32},"end":{"line":143,"column":53}},"46":{"start":{"line":144,"column":16},"end":{"line":144,"column":50}},"47":{"start":{"line":150,"column":30},"end":{"line":150,"column":68}},"48":{"start":{"line":151,"column":12},"end":{"line":151,"column":75}},"49":{"start":{"line":154,"column":30},"end":{"line":154,"column":83}},"50":{"start":{"line":155,"column":12},"end":{"line":155,"column":100}},"51":{"start":{"line":157,"column":12},"end":{"line":157,"column":86}},"52":{"start":{"line":160,"column":8},"end":{"line":160,"column":25}},"53":{"start":{"line":167,"column":8},"end":{"line":167,"column":42}},"54":{"start":{"line":167,"column":25},"end":{"line":167,"column":42}},"55":{"start":{"line":169,"column":18},"end":{"line":169,"column":22}},"56":{"start":{"line":170,"column":22},"end":{"line":170,"column":55}},"57":{"start":{"line":171,"column":18},"end":{"line":171,"column":59}},"58":{"start":{"line":173,"column":8},"end":{"line":173,"column":80}},"59":{"start":{"line":183,"column":8},"end":{"line":183,"column":75}},"60":{"start":{"line":185,"column":27},"end":{"line":185,"column":69}},"61":{"start":{"line":186,"column":27},"end":{"line":186,"column":28}},"62":{"start":{"line":187,"column":25},"end":{"line":187,"column":26}},"63":{"start":{"line":189,"column":27},"end":{"line":189,"column":66}},"64":{"start":{"line":191,"column":8},"end":{"line":206,"column":9}},"65":{"start":{"line":192,"column":26},"end":{"line":192,"column":54}},"66":{"start":{"line":194,"column":12},"end":{"line":203,"column":13}},"67":{"start":{"line":195,"column":33},"end":{"line":195,"column":60}},"68":{"start":{"line":196,"column":30},"end":{"line":196,"column":53}},"69":{"start":{"line":198,"column":16},"end":{"line":202,"column":17}},"70":{"start":{"line":199,"column":20},"end":{"line":199,"column":45}},"71":{"start":{"line":200,"column":20},"end":{"line":200,"column":46}},"72":{"start":{"line":201,"column":20},"end":{"line":201,"column":35}},"73":{"start":{"line":205,"column":12},"end":{"line":205,"column":72}},"74":{"start":{"line":208,"column":8},"end":{"line":210,"column":10}},"75":{"start":{"line":212,"column":8},"end":{"line":215,"column":10}},"76":{"start":{"line":222,"column":28},"end":{"line":222,"column":55}},"77":{"start":{"line":223,"column":27},"end":{"line":223,"column":48}},"78":{"start":{"line":224,"column":29},"end":{"line":224,"column":76}},"79":{"start":{"line":226,"column":8},"end":{"line":226,"column":33}},"80":{"start":{"line":233,"column":28},"end":{"line":233,"column":55}},"81":{"start":{"line":234,"column":27},"end":{"line":234,"column":48}},"82":{"start":{"line":235,"column":29},"end":{"line":235,"column":76}},"83":{"start":{"line":237,"column":8},"end":{"line":237,"column":51}},"84":{"start":{"line":10,"column":13},"end":{"line":10,"column":34}},"85":{"start":{"line":10,"column":13},"end":{"line":239,"column":null}}},"fnMap":{"0":{"name":"(anonymous_11)","decl":{"start":{"line":14,"column":4},"end":{"line":14,"column":null}},"loc":{"start":{"line":14,"column":4},"end":{"line":17,"column":5}}},"1":{"name":"(anonymous_12)","decl":{"start":{"line":23,"column":4},"end":{"line":23,"column":9}},"loc":{"start":{"line":23,"column":48},"end":{"line":47,"column":5}}},"2":{"name":"(anonymous_13)","decl":{"start":{"line":53,"column":4},"end":{"line":53,"column":9}},"loc":{"start":{"line":53,"column":24},"end":{"line":89,"column":5}}},"3":{"name":"(anonymous_14)","decl":{"start":{"line":94,"column":12},"end":{"line":94,"column":17}},"loc":{"start":{"line":94,"column":44},"end":{"line":117,"column":5}}},"4":{"name":"(anonymous_15)","decl":{"start":{"line":122,"column":12},"end":{"line":122,"column":17}},"loc":{"start":{"line":122,"column":37},"end":{"line":161,"column":5}}},"5":{"name":"(anonymous_16)","decl":{"start":{"line":166,"column":12},"end":{"line":166,"column":23}},"loc":{"start":{"line":166,"column":37},"end":{"line":174,"column":5}}},"6":{"name":"(anonymous_17)","decl":{"start":{"line":179,"column":4},"end":{"line":179,"column":9}},"loc":{"start":{"line":179,"column":46},"end":{"line":216,"column":5}}},"7":{"name":"(anonymous_18)","decl":{"start":{"line":221,"column":4},"end":{"line":221,"column":9}},"loc":{"start":{"line":221,"column":44},"end":{"line":227,"column":5}}},"8":{"name":"(anonymous_19)","decl":{"start":{"line":232,"column":4},"end":{"line":232,"column":9}},"loc":{"start":{"line":232,"column":54},"end":{"line":238,"column":5}}}},"branchMap":{"0":{"loc":{"start":{"line":16,"column":29},"end":{"line":16,"column":85}},"type":"binary-expr","locations":[{"start":{"line":16,"column":29},"end":{"line":16,"column":49}},{"start":{"line":16,"column":53},"end":{"line":16,"column":85}}]},"1":{"loc":{"start":{"line":29,"column":12},"end":{"line":31,"column":13}},"type":"if","locations":[{"start":{"line":29,"column":12},"end":{"line":31,"column":13}}]},"2":{"loc":{"start":{"line":33,"column":12},"end":{"line":41,"column":13}},"type":"if","locations":[{"start":{"line":33,"column":12},"end":{"line":41,"column":13}}]},"3":{"loc":{"start":{"line":100,"column":12},"end":{"line":102,"column":13}},"type":"if","locations":[{"start":{"line":100,"column":12},"end":{"line":102,"column":13}}]},"4":{"loc":{"start":{"line":104,"column":12},"end":{"line":111,"column":13}},"type":"if","locations":[{"start":{"line":104,"column":12},"end":{"line":111,"column":13}}]},"5":{"loc":{"start":{"line":167,"column":8},"end":{"line":167,"column":42}},"type":"if","locations":[{"start":{"line":167,"column":8},"end":{"line":167,"column":42}}]},"6":{"loc":{"start":{"line":179,"column":26},"end":{"line":179,"column":46}},"type":"default-arg","locations":[{"start":{"line":179,"column":44},"end":{"line":179,"column":46}}]},"7":{"loc":{"start":{"line":198,"column":16},"end":{"line":202,"column":17}},"type":"if","locations":[{"start":{"line":198,"column":16},"end":{"line":202,"column":17}}]},"8":{"loc":{"start":{"line":221,"column":23},"end":{"line":221,"column":44}},"type":"default-arg","locations":[{"start":{"line":221,"column":41},"end":{"line":221,"column":44}}]},"9":{"loc":{"start":{"line":232,"column":33},"end":{"line":232,"column":54}},"type":"default-arg","locations":[{"start":{"line":232,"column":51},"end":{"line":232,"column":54}}]}},"s":{"0":0,"1":0,"2":0,"3":0,"4":0,"5":0,"6":0,"7":0,"8":0,"9":0,"10":0,"11":0,"12":0,"13":0,"14":0,"15":0,"16":0,"17":0,"18":0,"19":0,"20":0,"21":0,"22":0,"23":0,"24":0,"25":0,"26":0,"27":0,"28":0,"29":0,"30":0,"31":0,"32":0,"33":0,"34":0,"35":0,"36":0,"37":0,"38":0,"39":0,"40":0,"41":0,"42":0,"43":0,"44":0,"45":0,"46":0,"47":0,"48":0,"49":0,"50":0,"51":0,"52":0,"53":0,"54":0,"55":0,"56":0,"57":0,"58":0,"59":0,"60":0,"61":0,"62":0,"63":0,"64":0,"65":0,"66":0,"67":0,"68":0,"69":0,"70":0,"71":0,"72":0,"73":0,"74":0,"75":0,"76":0,"77":0,"78":0,"79":0,"80":0,"81":0,"82":0,"83":0,"84":0,"85":0},"f":{"0":0,"1":0,"2":0,"3":0,"4":0,"5":0,"6":0,"7":0,"8":0},"b":{"0":[0,0],"1":[0],"2":[0],"3":[0],"4":[0],"5":[0],"6":[0],"7":[0],"8":[0],"9":[0]}}
,"C:\\Users\\roshn\\OneDrive\\Desktop\\Green-Hulk\\backend\\src\\database\\services\\user-preferences.service.ts": {"path":"C:\\Users\\roshn\\OneDrive\\Desktop\\Green-Hulk\\backend\\src\\database\\services\\user-preferences.service.ts","statementMap":{"0":{"start":{"line":1,"column":0},"end":{"line":1,"column":71}},"1":{"start":{"line":2,"column":0},"end":{"line":2,"column":51}},"2":{"start":{"line":3,"column":0},"end":{"line":3,"column":37}},"3":{"start":{"line":4,"column":0},"end":{"line":4,"column":77}},"4":{"start":{"line":11,"column":35},"end":{"line":138,"column":null}},"5":{"start":{"line":16,"column":25},"end":{"line":16,"column":48}},"6":{"start":{"line":12,"column":21},"end":{"line":12,"column":70}},"7":{"start":{"line":24,"column":8},"end":{"line":24,"column":86}},"8":{"start":{"line":27,"column":26},"end":{"line":29,"column":10}},"9":{"start":{"line":31,"column":8},"end":{"line":38,"column":9}},"10":{"start":{"line":32,"column":12},"end":{"line":35,"column":15}},"11":{"start":{"line":37,"column":12},"end":{"line":37,"column":45}},"12":{"start":{"line":40,"column":22},"end":{"line":40,"column":72}},"13":{"start":{"line":41,"column":8},"end":{"line":41,"column":78}},"14":{"start":{"line":43,"column":8},"end":{"line":43,"column":21}},"15":{"start":{"line":51,"column":8},"end":{"line":51,"column":69}},"16":{"start":{"line":53,"column":28},"end":{"line":55,"column":10}},"17":{"start":{"line":57,"column":8},"end":{"line":60,"column":9}},"18":{"start":{"line":58,"column":12},"end":{"line":58,"column":72}},"19":{"start":{"line":59,"column":12},"end":{"line":59,"column":24}},"20":{"start":{"line":62,"column":8},"end":{"line":62,"column":74}},"21":{"start":{"line":63,"column":8},"end":{"line":63,"column":39}},"22":{"start":{"line":70,"column":8},"end":{"line":72,"column":11}},"23":{"start":{"line":82,"column":26},"end":{"line":84,"column":10}},"24":{"start":{"line":86,"column":8},"end":{"line":93,"column":9}},"25":{"start":{"line":87,"column":12},"end":{"line":90,"column":15}},"26":{"start":{"line":92,"column":12},"end":{"line":92,"column":48}},"27":{"start":{"line":95,"column":8},"end":{"line":95,"column":60}},"28":{"start":{"line":103,"column":8},"end":{"line":103,"column":88}},"29":{"start":{"line":104,"column":8},"end":{"line":104,"column":79}},"30":{"start":{"line":111,"column":28},"end":{"line":111,"column":65}},"31":{"start":{"line":112,"column":8},"end":{"line":112,"column":54}},"32":{"start":{"line":123,"column":8},"end":{"line":125,"column":10}},"33":{"start":{"line":126,"column":8},"end":{"line":128,"column":11}},"34":{"start":{"line":135,"column":28},"end":{"line":135,"column":65}},"35":{"start":{"line":136,"column":8},"end":{"line":136,"column":60}},"36":{"start":{"line":11,"column":13},"end":{"line":11,"column":35}},"37":{"start":{"line":11,"column":13},"end":{"line":138,"column":null}}},"fnMap":{"0":{"name":"(anonymous_4)","decl":{"start":{"line":14,"column":4},"end":{"line":14,"column":null}},"loc":{"start":{"line":16,"column":75},"end":{"line":17,"column":8}}},"1":{"name":"(anonymous_5)","decl":{"start":{"line":23,"column":4},"end":{"line":23,"column":9}},"loc":{"start":{"line":23,"column":53},"end":{"line":44,"column":5}}},"2":{"name":"(anonymous_6)","decl":{"start":{"line":50,"column":4},"end":{"line":50,"column":9}},"loc":{"start":{"line":50,"column":36},"end":{"line":64,"column":5}}},"3":{"name":"(anonymous_7)","decl":{"start":{"line":69,"column":4},"end":{"line":69,"column":9}},"loc":{"start":{"line":69,"column":43},"end":{"line":73,"column":5}}},"4":{"name":"(anonymous_8)","decl":{"start":{"line":78,"column":4},"end":{"line":78,"column":9}},"loc":{"start":{"line":80,"column":41},"end":{"line":96,"column":5}}},"5":{"name":"(anonymous_9)","decl":{"start":{"line":102,"column":4},"end":{"line":102,"column":9}},"loc":{"start":{"line":102,"column":55},"end":{"line":105,"column":5}}},"6":{"name":"(anonymous_10)","decl":{"start":{"line":110,"column":4},"end":{"line":110,"column":9}},"loc":{"start":{"line":110,"column":45},"end":{"line":113,"column":5}}},"7":{"name":"(anonymous_11)","decl":{"start":{"line":119,"column":4},"end":{"line":119,"column":9}},"loc":{"start":{"line":121,"column":30},"end":{"line":129,"column":5}}},"8":{"name":"(anonymous_12)","decl":{"start":{"line":134,"column":4},"end":{"line":134,"column":9}},"loc":{"start":{"line":134,"column":45},"end":{"line":137,"column":5}}}},"branchMap":{"0":{"loc":{"start":{"line":31,"column":8},"end":{"line":38,"column":9}},"type":"if","locations":[{"start":{"line":31,"column":8},"end":{"line":38,"column":9}},{"start":{"line":36,"column":15},"end":{"line":38,"column":9}}]},"1":{"loc":{"start":{"line":57,"column":8},"end":{"line":60,"column":9}},"type":"if","locations":[{"start":{"line":57,"column":8},"end":{"line":60,"column":9}}]},"2":{"loc":{"start":{"line":57,"column":12},"end":{"line":57,"column":52}},"type":"binary-expr","locations":[{"start":{"line":57,"column":12},"end":{"line":57,"column":24}},{"start":{"line":57,"column":28},"end":{"line":57,"column":52}}]},"3":{"loc":{"start":{"line":86,"column":8},"end":{"line":93,"column":9}},"type":"if","locations":[{"start":{"line":86,"column":8},"end":{"line":93,"column":9}},{"start":{"line":91,"column":15},"end":{"line":93,"column":9}}]},"4":{"loc":{"start":{"line":112,"column":15},"end":{"line":112,"column":53}},"type":"binary-expr","locations":[{"start":{"line":112,"column":15},"end":{"line":112,"column":45}},{"start":{"line":112,"column":49},"end":{"line":112,"column":53}}]},"5":{"loc":{"start":{"line":136,"column":15},"end":{"line":136,"column":59}},"type":"binary-expr","locations":[{"start":{"line":136,"column":15},"end":{"line":136,"column":51}},{"start":{"line":136,"column":55},"end":{"line":136,"column":59}}]}},"s":{"0":0,"1":0,"2":0,"3":0,"4":0,"5":0,"6":0,"7":0,"8":0,"9":0,"10":0,"11":0,"12":0,"13":0,"14":0,"15":0,"16":0,"17":0,"18":0,"19":0,"20":0,"21":0,"22":0,"23":0,"24":0,"25":0,"26":0,"27":0,"28":0,"29":0,"30":0,"31":0,"32":0,"33":0,"34":0,"35":0,"36":0,"37":0},"f":{"0":0,"1":0,"2":0,"3":0,"4":0,"5":0,"6":0,"7":0,"8":0},"b":{"0":[0,0],"1":[0],"2":[0,0],"3":[0,0],"4":[0,0],"5":[0,0]}}
,"C:\\Users\\roshn\\OneDrive\\Desktop\\Green-Hulk\\backend\\src\\diagnosis\\diagnosis.module.ts": {"path":"C:\\Users\\roshn\\OneDrive\\Desktop\\Green-Hulk\\backend\\src\\diagnosis\\diagnosis.module.ts","statementMap":{"0":{"start":{"line":1,"column":0},"end":{"line":1,"column":40}},"1":{"start":{"line":2,"column":0},"end":{"line":2,"column":55}},"2":{"start":{"line":3,"column":0},"end":{"line":3,"column":41}},"3":{"start":{"line":4,"column":0},"end":{"line":4,"column":50}},"4":{"start":{"line":5,"column":0},"end":{"line":5,"column":65}},"5":{"start":{"line":12,"column":7},"end":{"line":12,"column":null}},"6":{"start":{"line":12,"column":13},"end":{"line":12,"column":28}},"7":{"start":{"line":12,"column":13},"end":{"line":12,"column":null}}},"fnMap":{},"branchMap":{},"s":{"0":0,"1":0,"2":0,"3":0,"4":0,"5":0,"6":0,"7":0},"f":{},"b":{}}
,"C:\\Users\\roshn\\OneDrive\\Desktop\\Green-Hulk\\backend\\src\\diagnosis\\diagnosis.service.ts": {"path":"C:\\Users\\roshn\\OneDrive\\Desktop\\Green-Hulk\\backend\\src\\diagnosis\\diagnosis.service.ts","statementMap":{"0":{"start":{"line":1,"column":0},"end":{"line":1,"column":52}},"1":{"start":{"line":2,"column":0},"end":{"line":2,"column":62}},"2":{"start":{"line":3,"column":0},"end":{"line":3,"column":62}},"3":{"start":{"line":4,"column":0},"end":{"line":4,"column":71}},"4":{"start":{"line":5,"column":0},"end":{"line":5,"column":71}},"5":{"start":{"line":6,"column":0},"end":{"line":6,"column":70}},"6":{"start":{"line":7,"column":0},"end":{"line":7,"column":74}},"7":{"start":{"line":8,"column":0},"end":{"line":8,"column":86}},"8":{"start":{"line":10,"column":0},"end":{"line":10,"column":26}},"9":{"start":{"line":13,"column":29},"end":{"line":170,"column":null}},"10":{"start":{"line":17,"column":25},"end":{"line":17,"column":38}},"11":{"start":{"line":18,"column":25},"end":{"line":18,"column":38}},"12":{"start":{"line":19,"column":25},"end":{"line":19,"column":41}},"13":{"start":{"line":20,"column":25},"end":{"line":20,"column":41}},"14":{"start":{"line":21,"column":25},"end":{"line":21,"column":38}},"15":{"start":{"line":22,"column":25},"end":{"line":22,"column":40}},"16":{"start":{"line":23,"column":25},"end":{"line":23,"column":46}},"17":{"start":{"line":14,"column":21},"end":{"line":14,"column":64}},"18":{"start":{"line":34,"column":26},"end":{"line":34,"column":36}},"19":{"start":{"line":36,"column":8},"end":{"line":154,"column":9}},"20":{"start":{"line":38,"column":26},"end":{"line":38,"column":44}},"21":{"start":{"line":39,"column":29},"end":{"line":39,"column":51}},"22":{"start":{"line":41,"column":12},"end":{"line":46,"column":13}},"23":{"start":{"line":42,"column":16},"end":{"line":45,"column":18}},"24":{"start":{"line":48,"column":12},"end":{"line":50,"column":14}},"25":{"start":{"line":53,"column":34},"end":{"line":55,"column":null}},"26":{"start":{"line":59,"column":12},"end":{"line":66,"column":13}},"27":{"start":{"line":60,"column":16},"end":{"line":60,"column":82}},"28":{"start":{"line":61,"column":16},"end":{"line":65,"column":18}},"29":{"start":{"line":69,"column":12},"end":{"line":69,"column":56}},"30":{"start":{"line":70,"column":33},"end":{"line":70,"column":82}},"31":{"start":{"line":73,"column":12},"end":{"line":73,"column":54}},"32":{"start":{"line":74,"column":34},"end":{"line":74,"column":83}},"33":{"start":{"line":77,"column":27},"end":{"line":77,"column":58}},"34":{"start":{"line":78,"column":30},"end":{"line":78,"column":77}},"35":{"start":{"line":80,"column":12},"end":{"line":89,"column":13}},"36":{"start":{"line":81,"column":16},"end":{"line":81,"column":70}},"37":{"start":{"line":82,"column":16},"end":{"line":88,"column":18}},"38":{"start":{"line":92,"column":29},"end":{"line":92,"column":60}},"39":{"start":{"line":93,"column":31},"end":{"line":93,"column":54}},"40":{"start":{"line":95,"column":12},"end":{"line":97,"column":14}},"41":{"start":{"line":100,"column":31},"end":{"line":104,"column":null}},"42":{"start":{"line":107,"column":12},"end":{"line":117,"column":13}},"43":{"start":{"line":108,"column":16},"end":{"line":110,"column":18}},"44":{"start":{"line":111,"column":16},"end":{"line":116,"column":18}},"45":{"start":{"line":119,"column":12},"end":{"line":126,"column":13}},"46":{"start":{"line":120,"column":16},"end":{"line":120,"column":71}},"47":{"start":{"line":121,"column":16},"end":{"line":125,"column":18}},"48":{"start":{"line":129,"column":32},"end":{"line":129,"column":42}},"49":{"start":{"line":130,"column":30},"end":{"line":130,"column":46}},"50":{"start":{"line":132,"column":32},"end":{"line":132,"column":54}},"51":{"start":{"line":133,"column":12},"end":{"line":135,"column":14}},"52":{"start":{"line":137,"column":12},"end":{"line":146,"column":14}},"53":{"start":{"line":148,"column":12},"end":{"line":148,"column":81}},"54":{"start":{"line":149,"column":12},"end":{"line":153,"column":14}},"55":{"start":{"line":158,"column":23},"end":{"line":158,"column":39}},"56":{"start":{"line":159,"column":23},"end":{"line":159,"column":24}},"57":{"start":{"line":161,"column":8},"end":{"line":166,"column":9}},"58":{"start":{"line":161,"column":21},"end":{"line":161,"column":22}},"59":{"start":{"line":162,"column":12},"end":{"line":165,"column":13}},"60":{"start":{"line":163,"column":16},"end":{"line":163,"column":44}},"61":{"start":{"line":164,"column":16},"end":{"line":164,"column":29}},"62":{"start":{"line":168,"column":8},"end":{"line":168,"column":24}},"63":{"start":{"line":13,"column":13},"end":{"line":13,"column":29}},"64":{"start":{"line":13,"column":13},"end":{"line":170,"column":null}}},"fnMap":{"0":{"name":"(anonymous_3)","decl":{"start":{"line":16,"column":4},"end":{"line":16,"column":null}},"loc":{"start":{"line":23,"column":72},"end":{"line":24,"column":9}}},"1":{"name":"(anonymous_4)","decl":{"start":{"line":30,"column":4},"end":{"line":30,"column":9}},"loc":{"start":{"line":32,"column":28},"end":{"line":155,"column":5}}},"2":{"name":"(anonymous_5)","decl":{"start":{"line":157,"column":12},"end":{"line":157,"column":23}},"loc":{"start":{"line":157,"column":47},"end":{"line":169,"column":5}}}},"branchMap":{"0":{"loc":{"start":{"line":41,"column":12},"end":{"line":46,"column":13}},"type":"if","locations":[{"start":{"line":41,"column":12},"end":{"line":46,"column":13}}]},"1":{"loc":{"start":{"line":41,"column":16},"end":{"line":41,"column":51}},"type":"binary-expr","locations":[{"start":{"line":41,"column":16},"end":{"line":41,"column":31}},{"start":{"line":41,"column":35},"end":{"line":41,"column":51}}]},"2":{"loc":{"start":{"line":59,"column":12},"end":{"line":66,"column":13}},"type":"if","locations":[{"start":{"line":59,"column":12},"end":{"line":66,"column":13}}]},"3":{"loc":{"start":{"line":80,"column":12},"end":{"line":89,"column":13}},"type":"if","locations":[{"start":{"line":80,"column":12},"end":{"line":89,"column":13}}]},"4":{"loc":{"start":{"line":107,"column":12},"end":{"line":117,"column":13}},"type":"if","locations":[{"start":{"line":107,"column":12},"end":{"line":117,"column":13}}]},"5":{"loc":{"start":{"line":119,"column":12},"end":{"line":126,"column":13}},"type":"if","locations":[{"start":{"line":119,"column":12},"end":{"line":126,"column":13}}]},"6":{"loc":{"start":{"line":145,"column":33},"end":{"line":145,"column":88}},"type":"cond-expr","locations":[{"start":{"line":145,"column":56},"end":{"line":145,"column":65}},{"start":{"line":145,"column":68},"end":{"line":145,"column":88}}]},"7":{"loc":{"start":{"line":162,"column":12},"end":{"line":165,"column":13}},"type":"if","locations":[{"start":{"line":162,"column":12},"end":{"line":165,"column":13}}]}},"s":{"0":0,"1":0,"2":0,"3":0,"4":0,"5":0,"6":0,"7":0,"8":0,"9":0,"10":0,"11":0,"12":0,"13":0,"14":0,"15":0,"16":0,"17":0,"18":0,"19":0,"20":0,"21":0,"22":0,"23":0,"24":0,"25":0,"26":0,"27":0,"28":0,"29":0,"30":0,"31":0,"32":0,"33":0,"34":0,"35":0,"36":0,"37":0,"38":0,"39":0,"40":0,"41":0,"42":0,"43":0,"44":0,"45":0,"46":0,"47":0,"48":0,"49":0,"50":0,"51":0,"52":0,"53":0,"54":0,"55":0,"56":0,"57":0,"58":0,"59":0,"60":0,"61":0,"62":0,"63":0,"64":0},"f":{"0":0,"1":0,"2":0},"b":{"0":[0],"1":[0,0],"2":[0],"3":[0],"4":[0],"5":[0],"6":[0,0],"7":[0]}}
,"C:\\Users\\roshn\\OneDrive\\Desktop\\Green-Hulk\\backend\\src\\diagnosis\\helpers\\confidence.helper.ts": {"path":"C:\\Users\\roshn\\OneDrive\\Desktop\\Green-Hulk\\backend\\src\\diagnosis\\helpers\\confidence.helper.ts","statementMap":{"0":{"start":{"line":11,"column":27},"end":{"line":11,"column":55}},"1":{"start":{"line":12,"column":8},"end":{"line":12,"column":32}},"2":{"start":{"line":20,"column":8},"end":{"line":20,"column":33}},"3":{"start":{"line":30,"column":8},"end":{"line":30,"column":46}},"4":{"start":{"line":30,"column":32},"end":{"line":30,"column":46}},"5":{"start":{"line":31,"column":8},"end":{"line":31,"column":48}},"6":{"start":{"line":31,"column":32},"end":{"line":31,"column":48}},"7":{"start":{"line":32,"column":8},"end":{"line":32,"column":21}},"8":{"start":{"line":39,"column":22},"end":{"line":39,"column":57}},"9":{"start":{"line":41,"column":65},"end":{"line":52,"column":10}},"10":{"start":{"line":54,"column":8},"end":{"line":54,"column":65}},"11":{"start":{"line":61,"column":22},"end":{"line":61,"column":57}},"12":{"start":{"line":63,"column":22},"end":{"line":67,"column":10}},"13":{"start":{"line":69,"column":8},"end":{"line":69,"column":28}},"14":{"start":{"line":76,"column":22},"end":{"line":76,"column":57}},"15":{"start":{"line":78,"column":23},"end":{"line":82,"column":10}},"16":{"start":{"line":84,"column":8},"end":{"line":84,"column":29}},"17":{"start":{"line":98,"column":8},"end":{"line":105,"column":10}},"18":{"start":{"line":5,"column":0},"end":{"line":5,"column":13}}},"fnMap":{"0":{"name":"(anonymous_0)","decl":{"start":{"line":10,"column":4},"end":{"line":10,"column":10}},"loc":{"start":{"line":10,"column":48},"end":{"line":13,"column":5}}},"1":{"name":"(anonymous_1)","decl":{"start":{"line":19,"column":4},"end":{"line":19,"column":10}},"loc":{"start":{"line":19,"column":45},"end":{"line":21,"column":5}}},"2":{"name":"(anonymous_2)","decl":{"start":{"line":29,"column":4},"end":{"line":29,"column":10}},"loc":{"start":{"line":29,"column":48},"end":{"line":33,"column":5}}},"3":{"name":"(anonymous_3)","decl":{"start":{"line":38,"column":4},"end":{"line":38,"column":10}},"loc":{"start":{"line":38,"column":75},"end":{"line":55,"column":5}}},"4":{"name":"(anonymous_4)","decl":{"start":{"line":60,"column":4},"end":{"line":60,"column":10}},"loc":{"start":{"line":60,"column":47},"end":{"line":70,"column":5}}},"5":{"name":"(anonymous_5)","decl":{"start":{"line":75,"column":4},"end":{"line":75,"column":10}},"loc":{"start":{"line":75,"column":48},"end":{"line":85,"column":5}}},"6":{"name":"(anonymous_6)","decl":{"start":{"line":90,"column":4},"end":{"line":90,"column":10}},"loc":{"start":{"line":90,"column":53},"end":{"line":106,"column":5}}}},"branchMap":{"0":{"loc":{"start":{"line":30,"column":8},"end":{"line":30,"column":46}},"type":"if","locations":[{"start":{"line":30,"column":8},"end":{"line":30,"column":46}}]},"1":{"loc":{"start":{"line":31,"column":8},"end":{"line":31,"column":48}},"type":"if","locations":[{"start":{"line":31,"column":8},"end":{"line":31,"column":48}}]},"2":{"loc":{"start":{"line":38,"column":52},"end":{"line":38,"column":75}},"type":"default-arg","locations":[{"start":{"line":38,"column":71},"end":{"line":38,"column":75}}]},"3":{"loc":{"start":{"line":54,"column":15},"end":{"line":54,"column":64}},"type":"binary-expr","locations":[{"start":{"line":54,"column":15},"end":{"line":54,"column":42}},{"start":{"line":54,"column":46},"end":{"line":54,"column":64}}]}},"s":{"0":0,"1":0,"2":0,"3":0,"4":0,"5":0,"6":0,"7":0,"8":0,"9":0,"10":0,"11":0,"12":0,"13":0,"14":0,"15":0,"16":0,"17":0,"18":0},"f":{"0":0,"1":0,"2":0,"3":0,"4":0,"5":0,"6":0},"b":{"0":[0],"1":[0],"2":[0],"3":[0,0]}}
,"C:\\Users\\roshn\\OneDrive\\Desktop\\Green-Hulk\\backend\\src\\diagnosis\\helpers\\severity.helper.ts": {"path":"C:\\Users\\roshn\\OneDrive\\Desktop\\Green-Hulk\\backend\\src\\diagnosis\\helpers\\severity.helper.ts","statementMap":{"0":{"start":{"line":6,"column":0},"end":{"line":6,"column":null}},"1":{"start":{"line":7,"column":4},"end":{"line":7,"column":null}},"2":{"start":{"line":8,"column":4},"end":{"line":8,"column":null}},"3":{"start":{"line":9,"column":4},"end":{"line":9,"column":null}},"4":{"start":{"line":10,"column":4},"end":{"line":10,"column":null}},"5":{"start":{"line":11,"column":4},"end":{"line":11,"column":null}},"6":{"start":{"line":14,"column":0},"end":{"line":14,"column":null}},"7":{"start":{"line":15,"column":4},"end":{"line":15,"column":null}},"8":{"start":{"line":16,"column":4},"end":{"line":16,"column":null}},"9":{"start":{"line":17,"column":4},"end":{"line":17,"column":null}},"10":{"start":{"line":27,"column":30},"end":{"line":27,"column":52}},"11":{"start":{"line":29,"column":8},"end":{"line":31,"column":9}},"12":{"start":{"line":30,"column":12},"end":{"line":30,"column":38}},"13":{"start":{"line":33,"column":8},"end":{"line":40,"column":9}},"14":{"start":{"line":39,"column":12},"end":{"line":39,"column":45}},"15":{"start":{"line":42,"column":8},"end":{"line":48,"column":9}},"16":{"start":{"line":47,"column":12},"end":{"line":47,"column":40}},"17":{"start":{"line":51,"column":8},"end":{"line":51,"column":41}},"18":{"start":{"line":59,"column":22},"end":{"line":59,"column":53}},"19":{"start":{"line":60,"column":8},"end":{"line":60,"column":46}},"20":{"start":{"line":67,"column":22},"end":{"line":67,"column":53}},"21":{"start":{"line":69,"column":65},"end":{"line":84,"column":10}},"22":{"start":{"line":86,"column":8},"end":{"line":86,"column":65}},"23":{"start":{"line":93,"column":22},"end":{"line":93,"column":53}},"24":{"start":{"line":95,"column":22},"end":{"line":99,"column":10}},"25":{"start":{"line":101,"column":8},"end":{"line":101,"column":28}},"26":{"start":{"line":108,"column":22},"end":{"line":108,"column":53}},"27":{"start":{"line":110,"column":26},"end":{"line":114,"column":10}},"28":{"start":{"line":116,"column":8},"end":{"line":116,"column":32}},"29":{"start":{"line":123,"column":22},"end":{"line":123,"column":53}},"30":{"start":{"line":125,"column":27},"end":{"line":129,"column":10}},"31":{"start":{"line":131,"column":8},"end":{"line":131,"column":33}},"32":{"start":{"line":139,"column":22},"end":{"line":139,"column":53}},"33":{"start":{"line":140,"column":8},"end":{"line":142,"column":10}},"34":{"start":{"line":149,"column":22},"end":{"line":149,"column":53}},"35":{"start":{"line":151,"column":27},"end":{"line":155,"column":10}},"36":{"start":{"line":157,"column":8},"end":{"line":157,"column":33}},"37":{"start":{"line":173,"column":8},"end":{"line":182,"column":10}},"38":{"start":{"line":20,"column":0},"end":{"line":20,"column":13}}},"fnMap":{"0":{"name":"(anonymous_0)","decl":{"start":{"line":6,"column":0},"end":{"line":6,"column":12}},"loc":{"start":{"line":6,"column":25},"end":{"line":12,"column":1}}},"1":{"name":"(anonymous_1)","decl":{"start":{"line":14,"column":0},"end":{"line":14,"column":12}},"loc":{"start":{"line":14,"column":25},"end":{"line":18,"column":1}}},"2":{"name":"(anonymous_2)","decl":{"start":{"line":26,"column":4},"end":{"line":26,"column":10}},"loc":{"start":{"line":26,"column":44},"end":{"line":52,"column":5}}},"3":{"name":"(anonymous_3)","decl":{"start":{"line":58,"column":4},"end":{"line":58,"column":10}},"loc":{"start":{"line":58,"column":48},"end":{"line":61,"column":5}}},"4":{"name":"(anonymous_4)","decl":{"start":{"line":66,"column":4},"end":{"line":66,"column":10}},"loc":{"start":{"line":66,"column":71},"end":{"line":87,"column":5}}},"5":{"name":"(anonymous_5)","decl":{"start":{"line":92,"column":4},"end":{"line":92,"column":10}},"loc":{"start":{"line":92,"column":43},"end":{"line":102,"column":5}}},"6":{"name":"(anonymous_6)","decl":{"start":{"line":107,"column":4},"end":{"line":107,"column":10}},"loc":{"start":{"line":107,"column":47},"end":{"line":117,"column":5}}},"7":{"name":"(anonymous_7)","decl":{"start":{"line":122,"column":4},"end":{"line":122,"column":10}},"loc":{"start":{"line":122,"column":46},"end":{"line":132,"column":5}}},"8":{"name":"(anonymous_8)","decl":{"start":{"line":137,"column":4},"end":{"line":137,"column":10}},"loc":{"start":{"line":137,"column":50},"end":{"line":143,"column":5}}},"9":{"name":"(anonymous_9)","decl":{"start":{"line":148,"column":4},"end":{"line":148,"column":10}},"loc":{"start":{"line":148,"column":51},"end":{"line":158,"column":5}}},"10":{"name":"(anonymous_10)","decl":{"start":{"line":163,"column":4},"end":{"line":163,"column":10}},"loc":{"start":{"line":163,"column":74},"end":{"line":183,"column":5}}}},"branchMap":{"0":{"loc":{"start":{"line":6,"column":12},"end":{"line":6,"column":null}},"type":"binary-expr","locations":[{"start":{"line":6,"column":12},"end":{"line":6,"column":25}},{"start":{"line":6,"column":25},"end":{"line":6,"column":null}}]},"1":{"loc":{"start":{"line":14,"column":12},"end":{"line":14,"column":null}},"type":"binary-expr","locations":[{"start":{"line":14,"column":12},"end":{"line":14,"column":25}},{"start":{"line":14,"column":25},"end":{"line":14,"column":null}}]},"2":{"loc":{"start":{"line":29,"column":8},"end":{"line":31,"column":9}},"type":"if","locations":[{"start":{"line":29,"column":8},"end":{"line":31,"column":9}}]},"3":{"loc":{"start":{"line":29,"column":12},"end":{"line":29,"column":67}},"type":"binary-expr","locations":[{"start":{"line":29,"column":12},"end":{"line":29,"column":39}},{"start":{"line":29,"column":43},"end":{"line":29,"column":67}}]},"4":{"loc":{"start":{"line":33,"column":8},"end":{"line":40,"column":9}},"type":"if","locations":[{"start":{"line":33,"column":8},"end":{"line":40,"column":9}}]},"5":{"loc":{"start":{"line":34,"column":12},"end":{"line":37,"column":40}},"type":"binary-expr","locations":[{"start":{"line":34,"column":12},"end":{"line":34,"column":43}},{"start":{"line":35,"column":12},"end":{"line":35,"column":37}},{"start":{"line":36,"column":12},"end":{"line":36,"column":36}},{"start":{"line":37,"column":12},"end":{"line":37,"column":40}}]},"6":{"loc":{"start":{"line":42,"column":8},"end":{"line":48,"column":9}},"type":"if","locations":[{"start":{"line":42,"column":8},"end":{"line":48,"column":9}}]},"7":{"loc":{"start":{"line":43,"column":12},"end":{"line":45,"column":38}},"type":"binary-expr","locations":[{"start":{"line":43,"column":12},"end":{"line":43,"column":38}},{"start":{"line":44,"column":12},"end":{"line":44,"column":40}},{"start":{"line":45,"column":12},"end":{"line":45,"column":38}}]},"8":{"loc":{"start":{"line":66,"column":48},"end":{"line":66,"column":71}},"type":"default-arg","locations":[{"start":{"line":66,"column":67},"end":{"line":66,"column":71}}]},"9":{"loc":{"
[...]
,"C:\\Users\\roshn\\OneDrive\\Desktop\\Green-Hulk\\backend\\src\\validators\\crop-validator.service.ts": {"path":"C:\\Users\\roshn\\OneDrive\\Desktop\\Green-Hulk\\backend\\src\\validators\\crop-validator.service.ts","statementMap":{"0":{"start":{"line":1,"column":0},"end":{"line":1,"column":44}},"1":{"start":{"line":2,"column":0},"end":{"line":2,"column":70}},"2":{"start":{"line":3,"column":0},"end":{"line":3,"column":76}},"3":{"start":{"line":7,"column":7},"end":{"line":67,"column":null}},"4":{"start":{"line":9,"column":25},"end":{"line":9,"column":43}},"5":{"start":{"line":10,"column":25},"end":{"line":10,"column":46}},"6":{"start":{"line":19,"column":31},"end":{"line":19,"column":58}},"7":{"start":{"line":20,"column":30},"end":{"line":20,"column":66}},"8":{"start":{"line":21,"column":35},"end":{"line":21,"column":88}},"9":{"start":{"line":22,"column":36},"end":{"line":22,"column":90}},"10":{"start":{"line":25,"column":8},"end":{"line":36,"column":9}},"11":{"start":{"line":26,"column":12},"end":{"line":35,"column":14}},"12":{"start":{"line":39,"column":8},"end":{"line":50,"column":9}},"13":{"start":{"line":40,"column":12},"end":{"line":49,"column":14}},"14":{"start":{"line":53,"column":24},"end":{"line":53,"column":54}},"15":{"start":{"line":54,"column":25},"end":{"line":54,"column":87}},"16":{"start":{"line":56,"column":8},"end":{"line":61,"column":10}},"17":{"start":{"line":65,"column":8},"end":{"line":65,"column":37}},"18":{"start":{"line":7,"column":13},"end":{"line":7,"column":33}},"19":{"start":{"line":7,"column":13},"end":{"line":67,"column":null}}},"fnMap":{"0":{"name":"(anonymous_2)","decl":{"start":{"line":8,"column":4},"end":{"line":8,"column":null}},"loc":{"start":{"line":10,"column":72},"end":{"line":11,"column":9}}},"1":{"name":"(anonymous_3)","decl":{"start":{"line":13,"column":4},"end":{"line":13,"column":22}},"loc":{"start":{"line":17,"column":26},"end":{"line":62,"column":5}}},"2":{"name":"(anonymous_4)","decl":{"start":{"line":64,"column":12},"end":{"line":64,"column":27}},"loc":{"start":{"line":64,"column":41},"end":{"line":66,"column":5}}}},"branchMap":{"0":{"loc":{"start":{"line":25,"column":8},"end":{"line":36,"column":9}},"type":"if","locations":[{"start":{"line":25,"column":8},"end":{"line":36,"column":9}}]},"1":{"loc":{"start":{"line":39,"column":8},"end":{"line":50,"column":9}},"type":"if","locations":[{"start":{"line":39,"column":8},"end":{"line":50,"column":9}}]}},"s":{"0":0,"1":0,"2":0,"3":0,"4":0,"5":0,"6":0,"7":0,"8":0,"9":0,"10":0,"11":0,"12":0,"13":0,"14":0,"15":0,"16":0,"17":0,"18":0,"19":0},"f":{"0":0,"1":0,"2":0},"b":{"0":[0],"1":[0]}}
,"C:\\Users\\roshn\\OneDrive\\Desktop\\Green-Hulk\\backend\\src\\validators\\ood-detector.service.ts": {"path":"C:\\Users\\roshn\\OneDrive\\Desktop\\Green-Hulk\\backend\\src\\validators\\ood-detector.service.ts","statementMap":{"0":{"start":{"line":1,"column":0},"end":{"line":1,"column":44}},"1":{"start":{"line":2,"column":0},"end":{"line":2,"column":47}},"2":{"start":{"line":3,"column":0},"end":{"line":3,"column":70}},"3":{"start":{"line":4,"column":0},"end":{"line":4,"column":null}},"4":{"start":{"line":12,"column":7},"end":{"line":157,"column":null}},"5":{"start":{"line":18,"column":25},"end":{"line":18,"column":43}},"6":{"start":{"line":19,"column":25},"end":{"line":19,"column":40}},"7":{"start":{"line":21,"column":8},"end":{"line":22,"column":72}},"8":{"start":{"line":23,"column":8},"end":{"line":24,"column":71}},"9":{"start":{"line":25,"column":8},"end":{"line":26,"column":77}},"10":{"start":{"line":30,"column":24},"end":{"line":30,"column":50}},"11":{"start":{"line":31,"column":24},"end":{"line":31,"column":60}},"12":{"start":{"line":32,"column":29},"end":{"line":32,"column":71}},"13":{"start":{"line":35,"column":8},"end":{"line":46,"column":9}},"14":{"start":{"line":36,"column":12},"end":{"line":45,"column":14}},"15":{"start":{"line":49,"column":8},"end":{"line":64,"column":9}},"16":{"start":{"line":50,"column":12},"end":{"line":63,"column":14}},"17":{"start":{"line":67,"column":8},"end":{"line":77,"column":9}},"18":{"start":{"line":68,"column":12},"end":{"line":76,"column":14}},"19":{"start":{"line":80,"column":8},"end":{"line":92,"column":9}},"20":{"start":{"line":81,"column":12},"end":{"line":91,"column":14}},"21":{"start":{"line":95,"column":8},"end":{"line":97,"column":10}},"22":{"start":{"line":101,"column":22},"end":{"line":101,"column":25}},"23":{"start":{"line":102,"column":8},"end":{"line":106,"column":9}},"24":{"start":{"line":103,"column":12},"end":{"line":105,"column":13}},"25":{"start":{"line":104,"column":16},"end":{"line":104,"column":43}},"26":{"start":{"line":107,"column":8},"end":{"line":107,"column":23}},"27":{"start":{"line":116,"column":24},"end":{"line":116,"column":73}},"28":{"start":{"line":116,"column":58},"end":{"line":116,"column":71}},"29":{"start":{"line":117,"column":8},"end":{"line":117,"column":48}},"30":{"start":{"line":117,"column":31},"end":{"line":117,"column":46}},"31":{"start":{"line":120,"column":21},"end":{"line":120,"column":40}},"32":{"start":{"line":122,"column":45},"end":{"line":130,"column":10}},"33":{"start":{"line":123,"column":26},"end":{"line":123,"column":42}},"34":{"start":{"line":124,"column":36},"end":{"line":124,"column":54}},"35":{"start":{"line":125,"column":12},"end":{"line":129,"column":14}},"36":{"start":{"line":133,"column":22},"end":{"line":134,"column":null}},"37":{"start":{"line":134,"column":35},"end":{"line":134,"column":82}},"38":{"start":{"line":136,"column":33},"end":{"line":136,"column":47}},"39":{"start":{"line":139,"column":23},"end":{"line":139,"column":78}},"40":{"start":{"line":141,"column":8},"end":{"line":146,"column":10}},"41":{"start":{"line":150,"column":8},"end":{"line":155,"column":24}},"42":{"start":{"line":153,"column":20},"end":{"line":153,"column":84}},"43":{"start":{"line":12,"column":13},"end":{"line":12,"column":31}},"44":{"start":{"line":12,"column":13},"end":{"line":157,"column":null}}},"fnMap":{"0":{"name":"(anonymous_2)","decl":{"start":{"line":17,"column":4},"end":{"line":17,"column":null}},"loc":{"start":{"line":19,"column":53},"end":{"line":27,"column":5}}},"1":{"name":"(anonymous_3)","decl":{"start":{"line":29,"column":4},"end":{"line":29,"column":11}},"loc":{"start":{"line":29,"column":53},"end":{"line":98,"column":5}}},"2":{"name":"(anonymous_4)","decl":{"start":{"line":100,"column":12},"end":{"line":100,"column":28}},"loc":{"start":{"line":100,"column":52},"end":{"line":108,"column":5}}},"3":{"name":"(anonymous_5)","decl":{"start":{"line":110,"column":12},"end":{"line":110,"column":23}},"loc":{"start":{"line":113,"column":17},"end":{"line":147,"column":5}}},"4":{"name":"(anonymous_6)","decl":{"start":{"line":116,"column":42},"end":{"line":116,"column":43}},"loc":{"start":{"line":116,"column":58},"end":{"line":116,"column":71}}},"5":{"name":"(anonymous_7)","decl":{"start":{"line":117,"column":21},"end":{"line":117,"column":22}},"loc":{"start":{"line":117,"column":31},"end":{"line":117,"column":46}}},"6":{"name":"(anonymous_8)","decl":{"start":{"line":122,"column":54},"end":{"line":122,"column":55}},"loc":{"start":{"line":122,"column":63},"end":{"line":130,"column":9}}},"7":{"name":"(anonymous_9)","decl":{"start":{"line":134,"column":28},"end":{"line":134,"column":29}},"loc":{"start":{"line":134,"column":35},"end":{"line":134,"column":82}}},"8":{"name":"(anonymous_10)","decl":{"start":{"line":149,"column":12},"end":{"line":149,"column":22}},"loc":{"start":{"line":149,"column":45},"end":{"line":156,"column":5}}},"9":{"name":"(anonymous_11)","decl":{"start":{"line":152,"column":16},"end":{"line":152,"column":17}},"loc":{"start":{"line":153,"column":20},"end":{"line":153,"column":84}}}},"branchMap":{"0":{"loc":{"start":{"line":22,"column":12},"end":{"line":22,"column":71}},"type":"binary-expr","locations":[{"start":{"line":22,"column":12},"end":{"line":22,"column":64}},{"start":{"line":22,"column":68},"end":{"line":22,"column":71}}]},"1":{"loc":{"start":{"line":24,"column":12},"end":{"line":24,"column":70}},"type":"binary-expr","locations":[{"start":{"line":24,"column":12},"end":{"line":24,"column":63}},{"start":{"line":24,"column":67},"end":{"line":24,"column":70}}]},"2":{"loc":{"start":{"line":26,"column":12},"end":{"line":26,"column":76}},"type":"binary-expr","locations":[{"start":{"line":26,"column":12},"end":{"line":26,"column":68}},{"start":{"line":26,"column":72},"end":{"line":26,"column":76}}]},"3":{"loc":{"start":{"line":35,"column":8},"end":{"line":46,"column":9}},"type":"if","locations":[{"start":{"line":35,"column":8},"end":{"line":46,"column":9}}]},"4":{"loc":{"start":{"line":49,"column":8},"end":{"line":64,"column":9}},"type":"if","locations":[{"start":{"line":49,"column":8},"end":{"line":64,"column":9}}]},"5":{"loc":{"start":{"line":67,"column":8},"end":{"line":77,"column":9}},"type":"if","locations":[{"start":{"line":67,"column":8},"end":{"line":77,"column":9}}]},"6":{"loc":{"start":{"line":80,"column":8},"end":{"line":92,"column":9}},"type":"if","locations":[{"start":{"line":80,"column":8},"end":{"line":92,"column":9}}]},"7":{"loc":{"start":{"line":103,"column":12},"end":{"line":105,"column":13}},"type":"if","locations":[{"start":{"line":103,"column":12},"end":{"line":105,"column":13}}]}},"s":{"0":0,"1":0,"2":0,"3":0,"4":0,"5":0,"6":0,"7":0,"8":0,"9":0,"10":0,"11":0,"12":0,"13":0,"14":0,"15":0,"16":0,"17":0,"18":0,"19":0,"20":0,"21":0,"22":0,"23":0,"24":0,"25":0,"26":0,"27":0,"28":0,"29":0,"30":0,"31":0,"32":0,"33":0,"34":0,"35":0,"36":0,"37":0,"38":0,"39":0,"40":0,"41":0,"42":0,"43":0,"44":0},"f":{"0":0,"1":0,"2":0,"3":0,"4":0,"5":0,"6":0,"7":0,"8":0,"9":0},"b":{"0":[0,0],"1":[0,0],"2":[0,0],"3":[0],"4":[0],"5":[0],"6":[0],"7":[0]}}
,"C:\\Users\\roshn\\OneDrive\\Desktop\\Green-Hulk\\backend\\src\\validators\\prediction-validator.service.ts": {"path":"C:\\Users\\roshn\\OneDrive\\Desktop\\Green-Hulk\\backend\\src\\validators\\prediction-validator.service.ts","statementMap":{"0":{"start":{"line":1,"column":0},"end":{"line":1,"column":44}},"1":{"start":{"line":2,"column":0},"end":{"line":2,"column":47}},"2":{"start":{"line":3,"column":0},"end":{"line":3,"column":72}},"3":{"start":{"line":6,"column":7},"end":{"line":68,"column":null}},"4":{"start":{"line":11,"column":33},"end":{"line":11,"column":48}},"5":{"start":{"line":12,"column":8},"end":{"line":13,"column":74}},"6":{"start":{"line":14,"column":8},"end":{"line":15,"column":79}},"7":{"start":{"line":16,"column":8},"end":{"line":17,"column":74}},"8":{"start":{"line":21,"column":8},"end":{"line":25,"column":9}},"9":{"start":{"line":22,"column":12},"end":{"line":22,"column":44}},"10":{"start":{"line":23,"column":15},"end":{"line":25,"column":9}},"11":{"start":{"line":24,"column":12},"end":{"line":24,"column":51}},"12":{"start":{"line":26,"column":8},"end":{"line":26,"column":42}},"13":{"start":{"line":34,"column":34},"end":{"line":34,"column":62}},"14":{"start":{"line":36,"column":8},"end":{"line":59,"column":9}},"15":{"start":{"line":38,"column":16},"end":{"line":38,"column":84}},"16":{"start":{"line":41,"column":16},"end":{"line":44,"column":18}},"17":{"start":{"line":47,"column":16},"end":{"line":58,"column":18}},"18":{"start":{"line":63,"column":8},"end":{"line":63,"column":69}},"19":{"start":{"line":63,"column":52},"end":{"line":63,"column":69}},"20":{"start":{"line":64,"column":8},"end":{"line":64,"column":78}},"21":{"start":{"line":64,"column":57},"end":{"line":64,"column":78}},"22":{"start":{"line":65,"column":8},"end":{"line":65,"column":68}},"23":{"start":{"line":65,"column":52},"end":{"line":65,"column":68}},"24":{"start":{"line":66,"column":8},"end":{"line":66,"column":24}},"25":{"start":{"line":6,"column":13},"end":{"line":6,"column":39}},"26":{"start":{"line":6,"column":13},"end":{"line":68,"column":null}}},"fnMap":{"0":{"name":"(anonymous_2)","decl":{"start":{"line":11,"column":4},"end":{"line":11,"column":33}},"loc":{"start":{"line":11,"column":61},"end":{"line":18,"column":5}}},"1":{"name":"(anonymous_3)","decl":{"start":{"line":20,"column":4},"end":{"line":20,"column":13}},"loc":{"start":{"line":20,"column":32},"end":{"line":27,"column":5}}},"2":{"name":"(anonymous_4)","decl":{"start":{"line":29,"column":4},"end":{"line":29,"column":18}},"loc":{"start":{"line":32,"column":26},"end":{"line":60,"column":5}}},"3":{"name":"(anonymous_5)","decl":{"start":{"line":62,"column":4},"end":{"line":62,"column":29}},"loc":{"start":{"line":62,"column":48},"end":{"line":67,"column":5}}}},"branchMap":{"0":{"loc":{"start":{"line":13,"column":12},"end":{"line":13,"column":73}},"type":"binary-expr","locations":[{"start":{"line":13,"column":12},"end":{"line":13,"column":66}},{"start":{"line":13,"column":70},"end":{"line":13,"column":73}}]},"1":{"loc":{"start":{"line":15,"column":12},"end":{"line":15,"column":78}},"type":"binary-expr","locations":[{"start":{"line":15,"column":12},"end":{"line":15,"column":71}},{"start":{"line":15,"column":75},"end":{"line":15,"column":78}}]},"2":{"loc":{"start":{"line":17,"column":12},"end":{"line":17,"column":73}},"type":"binary-expr","locations":[{"start":{"line":17,"column":12},"end":{"line":17,"column":66}},{"start":{"line":17,"column":70},"end":{"line":17,"column":73}}]},"3":{"loc":{"start":{"line":21,"column":8},"end":{"line":25,"column":9}},"type":"if","locations":[{"start":{"line":21,"column":8},"end":{"line":25,"column":9}},{"start":{"line":23,"column":15},"end":{"line":25,"column":9}}]},"4":{"loc":{"start":{"line":23,"column":15},"end":{"line":25,"column":9}},"type":"if","locations":[{"start":{"line":23,"column":15},"end":{"line":25,"column":9}}]},"5":{"loc":{"start":{"line":36,"column":8},"end":{"line":59,"column":9}},"type":"switch","locations":[{"start":{"line":37,"column":12},"end":{"line":38,"column":84}},{"start":{"line":40,"column":12},"end":{"line":44,"column":18}},{"start":{"line":46,"column":12},"end":{"line":58,"column":18}}]},"6":{"loc":{"start":{"line":63,"column":8},"end":{"line":63,"column":69}},"type":"if","locations":[{"start":{"line":63,"column":8},"end":{"line":63,"column":69}}]},"7":{"loc":{"start":{"line":64,"column":8},"end":{"line":64,"column":78}},"type":"if","locations":[{"start":{"line":64,"column":8},"end":{"line":64,"column":78}}]},"8":{"loc":{"start":{"line":65,"column":8},"end":{"line":65,"column":68}},"type":"if","locations":[{"start":{"line":65,"column":8},"end":{"line":65,"column":68}}]}},"s":{"0":0,"1":0,"2":0,"3":0,"4":0,"5":0,"6":0,"7":0,"8":0,"9":0,"10":0,"11":0,"12":0,"13":0,"14":0,"15":0,"16":0,"17":0,"18":0,"19":0,"20":0,"21":0,"22":0,"23":0,"24":0,"25":0,"26":0},"f":{"0":0,"1":0,"2":0,"3":0},"b":{"0":[0,0],"1":[0,0],"2":[0,0],"3":[0,0],"4":[0],"5":[0,0,0],"6":[0],"7":[0],"8":[0]}}
,"C:\\Users\\roshn\\OneDrive\\Desktop\\Green-Hulk\\backend\\src\\validators\\supported-classes.service.ts": {"path":"C:\\Users\\roshn\\OneDrive\\Desktop\\Green-Hulk\\backend\\src\\validators\\supported-classes.service.ts","statementMap":{"0":{"start":{"line":1,"column":0},"end":{"line":1,"column":44}},"1":{"start":{"line":4,"column":7},"end":{"line":112,"column":null}},"2":{"start":{"line":6,"column":21},"end":{"line":45,"column":7}},"3":{"start":{"line":47,"column":21},"end":{"line":62,"column":7}},"4":{"start":{"line":64,"column":21},"end":{"line":79,"column":6}},"5":{"start":{"line":82,"column":8},"end":{"line":82,"column":48}},"6":{"start":{"line":86,"column":27},"end":{"line":86,"column":59}},"7":{"start":{"line":87,"column":8},"end":{"line":87,"column":52}},"8":{"start":{"line":92,"column":8},"end":{"line":92,"column":45}},"9":{"start":{"line":96,"column":27},"end":{"line":96,"column":59}},"10":{"start":{"line":97,"column":8},"end":{"line":102,"column":51}},"11":{"start":{"line":99,"column":34},"end":{"line":99,"column":79}},"12":{"start":{"line":100,"column":16},"end":{"line":100,"column":48}},"13":{"start":{"line":102,"column":28},"end":{"line":102,"column":49}},"14":{"start":{"line":106,"column":8},"end":{"line":106,"column":43}},"15":{"start":{"line":110,"column":8},"end":{"line":110,"column":49}},"16":{"start":{"line":4,"column":13},"end":{"line":4,"column":36}},"17":{"start":{"line":4,"column":13},"end":{"line":112,"column":null}}},"fnMap":{"0":{"name":"(anonymous_1)","decl":{"start":{"line":4,"column":7},"end":{"line":4,"column":13}},"loc":{"start":{"line":4,"column":7},"end":{"line":112,"column":1}}},"1":{"name":"(anonymous_2)","decl":{"start":{"line":81,"column":4},"end":{"line":81,"column":21}},"loc":{"start":{"line":81,"column":21},"end":{"line":83,"column":5}}},"2":{"name":"(anonymous_3)","decl":{"start":{"line":85,"column":4},"end":{"line":85,"column":19}},"loc":{"start":{"line":85,"column":36},"end":{"line":88,"column":5}}},"3":{"name":"(anonymous_4)","decl":{"start":{"line":90,"column":4},"end":{"line":90,"column":21}},"loc":{"start":{"line":90,"column":34},"end":{"line":93,"column":5}}},"4":{"name":"(anonymous_5)","decl":{"start":{"line":95,"column":4},"end":{"line":95,"column":22}},"loc":{"start":{"line":95,"column":60},"end":{"line":103,"column":5}}},"5":{"name":"(anonymous_6)","decl":{"start":{"line":98,"column":20},"end":{"line":98,"column":21}},"loc":{"start":{"line":98,"column":30},"end":{"line":101,"column":13}}},"6":{"name":"(anonymous_7)","decl":{"start":{"line":102,"column":17},"end":{"line":102,"column":18}},"loc":{"start":{"line":102,"column":28},"end":{"line":102,"column":49}}},"7":{"name":"(anonymous_8)","decl":{"start":{"line":105,"column":4},"end":{"line":105,"column":21}},"loc":{"start":{"line":105,"column":21},"end":{"line":107,"column":5}}},"8":{"name":"(anonymous_9)","decl":{"start":{"line":109,"column":4},"end":{"line":109,"column":20}},"loc":{"start":{"line":109,"column":38},"end":{"line":111,"column":5}}}},"branchMap":{},"s":{"0":0,"1":0,"2":0,"3":0,"4":0,"5":0,"6":0,"7":0,"8":0,"9":0,"10":0,"11":0,"12":0,"13":0,"14":0,"15":0,"16":0,"17":0},"f":{"0":0,"1":0,"2":0,"3":0,"4":0,"5":0,"6":0,"7":0,"8":0},"b":{}}
,"C:\\Users\\roshn\\OneDrive\\Desktop\\Green-Hulk\\backend\\src\\validators\\validators.module.ts": {"path":"C:\\Users\\roshn\\OneDrive\\Desktop\\Green-Hulk\\backend\\src\\validators\\validators.module.ts","statementMap":{"0":{"start":{"line":1,"column":0},"end":{"line":1,"column":40}},"1":{"start":{"line":2,"column":0},"end":{"line":2,"column":70}},"2":{"start":{"line":3,"column":0},"end":{"line":3,"column":76}},"3":{"start":{"line":4,"column":0},"end":{"line":4,"column":64}},"4":{"start":{"line":5,"column":0},"end":{"line":5,"column":60}},"5":{"start":{"line":21,"column":7},"end":{"line":21,"column":null}},"6":{"start":{"line":21,"column":13},"end":{"line":21,"column":29}},"7":{"start":{"line":21,"column":13},"end":{"line":21,"column":null}}},"fnMap":{},"branchMap":{},"s":{"0":0,"1":0,"2":0,"3":0,"4":0,"5":0,"6":0,"7":0},"f":{},"b":{}}
}
