TN:
SF:src\app.module.ts
FNF:0
FNH:0
DA:1,0
DA:2,0
DA:3,0
DA:4,0
DA:5,0
DA:6,0
DA:7,0
DA:8,0
DA:9,0
DA:10,0
DA:28,0
LF:11
LH:0
BRF:0
BRH:0
end_of_record
TN:
SF:src\main.ts
FN:6,bootstrap
FNF:1
FNH:0
FNDA:0,bootstrap
DA:1,0
DA:2,0
DA:3,0
DA:4,0
DA:7,0
DA:8,0
DA:11,0
DA:18,0
DA:27,0
DA:37,0
DA:38,0
DA:40,0
DA:41,0
DA:43,0
DA:44,0
DA:47,0
LF:16
LH:0
BRDA:40,0,0,0
BRDA:40,0,1,0
BRF:2
BRH:0
end_of_record
TN:
SF:src\api\api.module.ts
FNF:0
FNH:0
DA:1,0
DA:2,0
DA:3,0
DA:4,0
DA:5,0
DA:6,0
DA:7,0
DA:8,0
DA:9,0
DA:10,0
DA:11,0
DA:12,0
DA:31,0
LF:13
LH:0
BRF:0
BRH:0
end_of_record
TN:
SF:src\api\diagnosis.controller.ts
FN:28,(anonymous_4)
FN:45,(anonymous_5)
FN:109,(anonymous_6)
FN:122,(anonymous_7)
FNF:4
FNH:0
FNDA:0,(anonymous_4)
FNDA:0,(anonymous_5)
FNDA:0,(anonymous_6)
FNDA:0,(anonymous_7)
DA:1,0
DA:12,0
DA:13,0
DA:14,0
DA:15,0
DA:16,0
DA:17,0
DA:18,0
DA:19,0
DA:20,0
DA:21,0
DA:25,0
DA:26,0
DA:29,0
DA:30,0
DA:31,0
DA:33,0
DA:45,0
DA:49,0
DA:50,0
DA:54,0
DA:55,0
DA:56,0
DA:60,0
DA:61,0
DA:62,0
DA:68,0
DA:69,0
DA:74,0
DA:79,0
DA:85,0
DA:86,0
DA:96,0
DA:97,0
DA:100,0
DA:109,0
DA:110,0
DA:122,0
DA:123,0
DA:124,0
DA:129,0
DA:130,0
DA:132,0
LF:43
LH:0
BRDA:49,0,0,0
BRDA:55,1,0,0
BRDA:61,2,0,0
BRDA:68,3,0,0
BRDA:85,4,0,0
BRDA:123,5,0,0
BRF:6
BRH:0
end_of_record
TN:
SF:src\api\localization.controller.ts
FN:12,(anonymous_4)
FN:24,(anonymous_5)
FN:42,(anonymous_6)
FN:57,(anonymous_7)
FN:60,(anonymous_8)
FN:73,(anonymous_9)
FNF:6
FNH:0
FNDA:0,(anonymous_4)
FNDA:0,(anonymous_5)
FNDA:0,(anonymous_6)
FNDA:0,(anonymous_7)
FNDA:0,(anonymous_8)
FNDA:0,(anonymous_9)
DA:1,0
DA:2,0
DA:3,0
DA:11,0
DA:12,0
DA:24,0
DA:25,0
DA:42,0
DA:43,0
DA:44,0
DA:46,0
DA:57,0
DA:58,0
DA:59,0
DA:60,0
DA:63,0
DA:73,0
DA:77,0
DA:78,0
LF:19
LH:0
BRF:0
BRH:0
end_of_record
TN:
SF:src\api\preferences.controller.ts
FN:22,(anonymous_4)
FN:32,(anonymous_5)
FN:43,(anonymous_6)
FN:57,(anonymous_7)
FN:68,(anonymous_8)
FN:81,(anonymous_9)
FN:95,(anonymous_10)
FNF:7
FNH:0
FNDA:0,(anonymous_4)
FNDA:0,(anonymous_5)
FNDA:0,(anonymous_6)
FNDA:0,(anonymous_7)
FNDA:0,(anonymous_8)
FNDA:0,(anonymous_9)
FNDA:0,(anonymous_10)
DA:1,0
DA:10,0
DA:11,0
DA:13,0
DA:21,0
DA:23,0
DA:24,0
DA:32,0
DA:33,0
DA:43,0
DA:47,0
DA:57,0
DA:58,0
DA:59,0
DA:68,0
DA:72,0
DA:81,0
DA:85,0
DA:95,0
DA:96,0
LF:20
LH:0
BRF:0
BRH:0
end_of_record
TN:
SF:src\api\scans.controller.ts
FN:21,(anonymous_4)
FN:33,(anonymous_5)
FN:45,(anonymous_6)
FN:56,(anonymous_7)
FN:70,(anonymous_8)
FN:79,(anonymous_9)
FN:88,(anonymous_10)
FNF:7
FNH:0
FNDA:0,(anonymous_4)
FNDA:0,(anonymous_5)
FNDA:0,(anonymous_6)
FNDA:0,(anonymous_7)
FNDA:0,(anonymous_8)
FNDA:0,(anonymous_9)
FNDA:0,(anonymous_10)
DA:1,0
DA:9,0
DA:10,0
DA:11,0
DA:20,0
DA:22,0
DA:23,0
DA:33,0
DA:37,0
DA:45,0
DA:46,0
DA:56,0
DA:57,0
DA:70,0
DA:71,0
DA:79,0
DA:80,0
DA:88,0
DA:89,0
LF:19
LH:0
BRDA:35,0,0,0
BRDA:45,1,0,0
BRF:2
BRH:0
end_of_record
TN:
SF:src\api\treatments.controller.ts
FN:12,(anonymous_4)
FN:19,(anonymous_5)
FN:39,(anonymous_6)
FN:57,(anonymous_7)
FN:67,(anonymous_8)
FN:84,(anonymous_9)
FN:102,(anonymous_10)
FN:111,(anonymous_11)
FN:120,(anonymous_12)
FNF:9
FNH:0
FNDA:0,(anonymous_4)
FNDA:0,(anonymous_5)
FNDA:0,(anonymous_6)
FNDA:0,(anonymous_7)
FNDA:0,(anonymous_8)
FNDA:0,(anonymous_9)
FNDA:0,(anonymous_10)
FNDA:0,(anonymous_11)
FNDA:0,(anonymous_12)
DA:1,0
DA:2,0
DA:3,0
DA:11,0
DA:12,0
DA:19,0
DA:20,0
DA:39,0
DA:44,0
DA:57,0
DA:58,0
DA:59,0
DA:67,0
DA:68,0
DA:69,0
DA:84,0
DA:89,0
DA:102,0
DA:103,0
DA:111,0
DA:112,0
DA:120,0
DA:121,0
LF:23
LH:0
BRF:0
BRH:0
end_of_record
TN:
SF:src\common\dtos\diagnose-request.dto.ts
FNF:0
FNH:0
DA:1,0
DA:2,0
DA:4,0
DA:27,0
LF:4
LH:0
BRF:0
BRH:0
end_of_record
TN:
SF:src\common\dtos\diagnosis-response.dto.ts
FN:42,(anonymous_2)
FNF:1
FNH:0
FNDA:0,(anonymous_2)
DA:1,0
DA:4,0
DA:16,0
DA:19,0
DA:22,0
DA:25,0
DA:28,0
DA:31,0
DA:34,0
DA:37,0
DA:40,0
DA:43,0
DA:44,0
DA:46,0
DA:48,0
DA:49,0
DA:50,0
DA:51,0
DA:52,0
DA:53,0
DA:59,0
DA:60,0
DA:63,0
DA:64,0
DA:65,0
DA:66,0
DA:69,0
LF:27
LH:0
BRDA:46,0,0,0
BRDA:46,0,1,0
BRDA:46,0,2,0
BRDA:46,0,3,0
BRDA:46,0,4,0
BRDA:46,0,5,0
BRF:6
BRH:0
end_of_record
TN:
SF:src\common\exceptions\custom.exceptions.ts
FN:4,(anonymous_0)
FN:11,(anonymous_1)
FN:18,(anonymous_2)
FN:25,(anonymous_3)
FN:32,(anonymous_4)
FN:39,(anonymous_5)
FN:46,(anonymous_6)
FNF:7
FNH:0
FNDA:0,(anonymous_0)
FNDA:0,(anonymous_1)
FNDA:0,(anonymous_2)
FNDA:0,(anonymous_3)
FNDA:0,(anonymous_4)
FNDA:0,(anonymous_5)
FNDA:0,(anonymous_6)
DA:3,0
DA:5,0
DA:6,0
DA:10,0
DA:12,0
DA:13,0
DA:17,0
DA:19,0
DA:20,0
DA:24,0
DA:26,0
DA:27,0
DA:31,0
DA:33,0
DA:34,0
DA:38,0
DA:40,0
DA:41,0
DA:45,0
DA:47,0
DA:50,0
LF:21
LH:0
BRF:0
BRH:0
end_of_record
TN:
SF:src\common\types\diagnosis-result.types.ts
FN:3,(anonymous_0)
FN:9,(anonymous_1)
FN:16,(anonymous_2)
FN:21,(anonymous_3)
FNF:4
FNH:0
FNDA:0,(anonymous_0)
FNDA:0,(anonymous_1)
FNDA:0,(anonymous_2)
FNDA:0,(anonymous_3)
DA:3,0
DA:4,0
DA:5,0
DA:6,0
DA:9,0
DA:10,0
DA:11,0
DA:12,0
DA:13,0
DA:16,0
DA:17,0
DA:18,0
DA:21,0
DA:22,0
DA:23,0
DA:24,0
DA:25,0
LF:17
LH:0
BRDA:3,0,0,0
BRDA:3,0,1,0
BRDA:9,1,0,0
BRDA:9,1,1,0
BRDA:16,2,0,0
BRDA:16,2,1,0
BRDA:21,3,0,0
BRDA:21,3,1,0
BRF:8
BRH:0
end_of_record
TN:
SF:src\database\database.module.ts
FN:15,(anonymous_1)
FNF:1
FNH:0
FNDA:0,(anonymous_1)
DA:1,0
DA:2,0
DA:3,0
DA:4,0
DA:5,0
DA:6,0
DA:7,0
DA:8,0
DA:9,0
DA:15,0
DA:38,0
LF:11
LH:0
BRDA:17,0,0,0
BRDA:17,0,1,0
BRF:2
BRH:0
end_of_record
TN:
SF:src\database\entities\scan-record.entity.ts
FNF:0
FNH:0
DA:1,0
DA:9,0
DA:11,0
DA:14,0
DA:17,0
DA:20,0
DA:23,0
DA:26,0
DA:29,0
DA:32,0
DA:35,0
DA:38,0
DA:41,0
DA:44,0
DA:47,0
DA:50,0
DA:53,0
DA:56,0
DA:59,0
LF:19
LH:0
BRF:0
BRH:0
end_of_record
TN:
SF:src\database\entities\treatment-plan.entity.ts
FNF:0
FNH:0
DA:1,0
DA:9,0
DA:11,0
DA:14,0
DA:17,0
DA:20,0
DA:23,0
DA:26,0
DA:29,0
DA:32,0
DA:35,0
DA:38,0
LF:12
LH:0
BRF:0
BRH:0
end_of_record
TN:
SF:src\database\entities\user-preferences.entity.ts
FNF:0
FNH:0
DA:1,0
DA:9,0
DA:11,0
DA:14,0
DA:17,0
DA:20,0
DA:23,0
LF:7
LH:0
BRF:0
BRH:0
end_of_record
TN:
SF:src\database\services\scan-history.service.ts
FN:14,(anonymous_4)
FN:23,(anonymous_5)
FN:46,(anonymous_6)
FN:65,(anonymous_7)
FN:75,(anonymous_8)
FN:85,(anonymous_9)
FN:96,(anonymous_10)
FN:109,(anonymous_11)
FN:116,(anonymous_12)
FN:133,(anonymous_13)
FN:156,(anonymous_14)
FN:170,(anonymous_15)
FNF:12
FNH:0
FNDA:0,(anonymous_4)
FNDA:0,(anonymous_5)
FNDA:0,(anonymous_6)
FNDA:0,(anonymous_7)
FNDA:0,(anonymous_8)
FNDA:0,(anonymous_9)
FNDA:0,(anonymous_10)
FNDA:0,(anonymous_11)
FNDA:0,(anonymous_12)
FNDA:0,(anonymous_13)
FNDA:0,(anonymous_14)
FNDA:0,(anonymous_15)
DA:1,0
DA:2,0
DA:3,0
DA:4,0
DA:11,0
DA:12,0
DA:16,0
DA:26,0
DA:28,0
DA:34,0
DA:36,0
DA:40,0
DA:50,0
DA:52,0
DA:53,0
DA:56,0
DA:66,0
DA:76,0
DA:86,0
DA:90,0
DA:97,0
DA:103,0
DA:110,0
DA:117,0
DA:118,0
DA:120,0
DA:124,0
DA:125,0
DA:127,0
DA:138,0
DA:148,0
DA:155,0
DA:156,0
DA:157,0
DA:160,0
DA:171,0
LF:36
LH:0
BRDA:48,0,0,0
BRDA:52,1,0,0
BRDA:65,2,0,0
BRDA:116,3,0,0
BRDA:124,4,0,0
BRDA:124,4,1,0
BRF:6
BRH:0
end_of_record
TN:
SF:src\database\services\storage-utility.service.ts
FN:14,(anonymous_11)
FN:23,(anonymous_12)
FN:53,(anonymous_13)
FN:94,(anonymous_14)
FN:122,(anonymous_15)
FN:166,(anonymous_16)
FN:179,(anonymous_17)
FN:221,(anonymous_18)
FN:232,(anonymous_19)
FNF:9
FNH:0
FNDA:0,(anonymous_11)
FNDA:0,(anonymous_12)
FNDA:0,(anonymous_13)
FNDA:0,(anonymous_14)
FNDA:0,(anonymous_15)
FNDA:0,(anonymous_16)
FNDA:0,(anonymous_17)
FNDA:0,(anonymous_18)
FNDA:0,(anonymous_19)
DA:1,0
DA:2,0
DA:3,0
DA:10,0
DA:11,0
DA:16,0
DA:24,0
DA:26,0
DA:27,0
DA:29,0
DA:30,0
DA:33,0
DA:34,0
DA:36,0
DA:37,0
DA:38,0
DA:39,0
DA:43,0
DA:46,0
DA:66,0
DA:68,0
DA:69,0
DA:72,0
DA:74,0
DA:75,0
DA:77,0
DA:81,0
DA:95,0
DA:97,0
DA:98,0
DA:100,0
DA:101,0
DA:104,0
DA:105,0
DA:107,0
DA:108,0
DA:109,0
DA:113,0
DA:116,0
DA:128,0
DA:135,0
DA:137,0
DA:138,0
DA:141,0
DA:142,0
DA:143,0
DA:144,0
DA:150,0
DA:151,0
DA:154,0
DA:155,0
DA:157,0
DA:160,0
DA:167,0
DA:169,0
DA:170,0
DA:171,0
DA:173,0
DA:183,0
DA:185,0
DA:186,0
DA:187,0
DA:189,0
DA:191,0
DA:192,0
DA:194,0
DA:195,0
DA:196,0
DA:198,0
DA:199,0
DA:200,0
DA:201,0
DA:205,0
DA:208,0
DA:212,0
DA:222,0
DA:223,0
DA:224,0
DA:226,0
DA:233,0
DA:234,0
DA:235,0
DA:237,0
LF:83
LH:0
BRDA:16,0,0,0
BRDA:16,0,1,0
BRDA:29,1,0,0
BRDA:33,2,0,0
BRDA:100,3,0,0
BRDA:104,4,0,0
BRDA:167,5,0,0
BRDA:179,6,0,0
BRDA:198,7,0,0
BRDA:221,8,0,0
BRDA:232,9,0,0
BRF:11
BRH:0
end_of_record
TN:
SF:src\database\services\user-preferences.service.ts
FN:14,(anonymous_4)
FN:23,(anonymous_5)
FN:50,(anonymous_6)
FN:69,(anonymous_7)
FN:78,(anonymous_8)
FN:102,(anonymous_9)
FN:110,(anonymous_10)
FN:119,(anonymous_11)
FN:134,(anonymous_12)
FNF:9
FNH:0
FNDA:0,(anonymous_4)
FNDA:0,(anonymous_5)
FNDA:0,(anonymous_6)
FNDA:0,(anonymous_7)
FNDA:0,(anonymous_8)
FNDA:0,(anonymous_9)
FNDA:0,(anonymous_10)
FNDA:0,(anonymous_11)
FNDA:0,(anonymous_12)
DA:1,0
DA:2,0
DA:3,0
DA:4,0
DA:11,0
DA:12,0
DA:16,0
DA:24,0
DA:27,0
DA:31,0
DA:32,0
DA:37,0
DA:40,0
DA:41,0
DA:43,0
DA:51,0
DA:53,0
DA:57,0
DA:58,0
DA:59,0
DA:62,0
DA:63,0
DA:70,0
DA:82,0
DA:86,0
DA:87,0
DA:92,0
DA:95,0
DA:103,0
DA:104,0
DA:111,0
DA:112,0
DA:123,0
DA:126,0
DA:135,0
DA:136,0
LF:36
LH:0
BRDA:31,0,0,0
BRDA:31,0,1,0
BRDA:57,1,0,0
BRDA:57,2,0,0
BRDA:57,2,1,0
BRDA:86,3,0,0
BRDA:86,3,1,0
BRDA:112,4,0,0
BRDA:112,4,1,0
BRDA:136,5,0,0
BRDA:136,5,1,0
BRF:11
BRH:0
end_of_record
TN:
SF:src\diagnosis\diagnosis.module.ts
FNF:0
FNH:0
DA:1,0
DA:2,0
DA:3,0
DA:4,0
DA:5,0
DA:12,0
LF:6
LH:0
BRF:0
BRH:0
end_of_record
TN:
SF:src\diagnosis\diagnosis.service.ts
FN:16,(anonymous_3)
FN:30,(anonymous_4)
FN:157,(anonymous_5)
FNF:3
FNH:0
FNDA:0,(anonymous_3)
FNDA:0,(anonymous_4)
FNDA:0,(anonymous_5)
DA:1,0
DA:2,0
DA:3,0
DA:4,0
DA:5,0
DA:6,0
DA:7,0
DA:8,0
DA:10,0
DA:13,0
DA:14,0
DA:17,0
DA:18,0
DA:19,0
DA:20,0
DA:21,0
DA:22,0
DA:23,0
DA:34,0
DA:36,0
DA:38,0
DA:39,0
DA:41,0
DA:42,0
DA:48,0
DA:53,0
DA:59,0
DA:60,0
DA:61,0
DA:69,0
DA:70,0
DA:73,0
DA:74,0
DA:77,0
DA:78,0
DA:80,0
DA:81,0
DA:82,0
DA:92,0
DA:93,0
DA:95,0
DA:100,0
DA:107,0
DA:108,0
DA:111,0
DA:119,0
DA:120,0
DA:121,0
DA:129,0
DA:130,0
DA:132,0
DA:133,0
DA:137,0
DA:148,0
DA:149,0
DA:158,0
DA:159,0
DA:161,0
DA:162,0
DA:163,0
DA:164,0
DA:168,0
LF:62
LH:0
BRDA:41,0,0,0
BRDA:41,1,0,0
BRDA:41,1,1,0
BRDA:59,2,0,0
BRDA:80,3,0,0
BRDA:107,4,0,0
BRDA:119,5,0,0
BRDA:145,6,0,0
BRDA:145,6,1,0
BRDA:162,7,0,0
BRF:10
BRH:0
end_of_record
TN:
SF:src\diagnosis\helpers\confidence.helper.ts
FN:10,(anonymous_0)
FN:19,(anonymous_1)
FN:29,(anonymous_2)
FN:38,(anonymous_3)
FN:60,(anonymous_4)
FN:75,(anonymous_5)
FN:90,(anonymous_6)
FNF:7
FNH:0
FNDA:0,(anonymous_0)
FNDA:0,(anonymous_1)
FNDA:0,(anonymous_2)
FNDA:0,(anonymous_3)
FNDA:0,(anonymous_4)
FNDA:0,(anonymous_5)
FNDA:0,(anonymous_6)
DA:5,0
DA:11,0
DA:12,0
DA:20,0
DA:30,0
DA:31,0
DA:32,0
DA:39,0
DA:41,0
DA:54,0
DA:61,0
DA:63,0
DA:69,0
DA:76,0
DA:78,0
DA:84,0
DA:98,0
LF:17
LH:0
BRDA:30,0,0,0
BRDA:31,1,0,0
BRDA:38,2,0,0
BRDA:54,3,0,0
BRDA:54,3,1,0
BRF:5
BRH:0
end_of_record
TN:
SF:src\diagnosis\helpers\severity.helper.ts
FN:6,(anonymous_0)
FN:14,(anonymous_1)
FN:26,(anonymous_2)
FN:58,(anonymous_3)
FN:66,(anonymous_4)
FN:92,(anonymous_5)
FN:107,(anonymous_6)
FN:122,(anonymous_7)
FN:137,(anonymous_8)
FN:148,(anonymous_9)
FN:163,(anonymous_10)
FNF:11
FNH:0
FNDA:0,(anonymous_0)
FNDA:0,(anonymous_1)
FNDA:0,(anonymous_2)
FNDA:0,(anonymous_3)
FNDA:0,(anonymous_4)
FNDA:0,(anonymous_5)
FNDA:0,(anonymous_6)
FNDA:0,(anonymous_7)
FNDA:0,(anonymous_8)
FNDA:0,(anonymous_9)
FNDA:0,(anonymous_10)
DA:6,0
DA:7,0
DA:8,0
DA:9,0
DA:10,0
DA:11,0
DA:14,0
DA:15,0
DA:16,0
DA:17,0
DA:20,0
DA:27,0
DA:29,0
DA:30,0
DA:33,0
DA:39,0
DA:42,0
DA:47,0
DA:51,0
DA:59,0
DA:60,0
DA:67,0
DA:69,0
DA:86,0
DA:93,0
DA:95,0
DA:101,0
DA:108,0
DA:110,0
DA:116,0
DA:123,0
DA:125,0
DA:131,0
DA:139,0
DA:140,0
DA:149,0
DA:151,0
DA:157,0
DA:173,0
LF:39
LH:0
BRDA:6,0,0,0
BRDA:6,0,1,0
BRDA:14,1,0,0
BRDA:14,1,1,0
BRDA:29,2,0,0
BRDA:29,3,0,0
BRDA:29,3,1,0
BRDA:33,4,0,0
BRDA:34,5,0,0
BRDA:34,5,1,0
BRDA:34,5,2,0
BRDA:34,5,3,0
BRDA:42,6,0,0
BRDA:43,7,0,0
BRDA:43,7,1,0
BRDA:43,7,2,0
BRDA:66,8,0,0
BRDA:86,9,0,0
BRDA:86,9,1,0
BRDA:141,10,0,0
BRDA:141,10,1,0
BRDA:163,11,0,0
BRF:22
BRH:0
end_of_record
TN:
SF:src\image\image-processor.service.ts
FN:6,(anonymous_2)
FN:13,(anonymous_3)
FN:40,(anonymous_4)
FN:91,(anonymous_5)
FN:111,(anonymous_6)
FN:142,(anonymous_7)
FN:171,(anonymous_8)
FN:197,(anonymous_9)
FN:200,(anonymous_10)
FN:203,(anonymous_11)
FNF:10
FNH:0
FNDA:0,(anonymous_2)
FNDA:0,(anonymous_3)
FNDA:0,(anonymous_4)
FNDA:0,(anonymous_5)
FNDA:0,(anonymous_6)
FNDA:0,(anonymous_7)
FNDA:0,(anonymous_8)
FNDA:0,(anonymous_9)
FNDA:0,(anonymous_10)
FNDA:0,(anonymous_11)
DA:1,0
DA:2,0
DA:3,0
DA:6,0
DA:7,0
DA:8,0
DA:14,0
DA:15,0
DA:16,0
DA:18,0
DA:19,0
DA:22,0
DA:24,0
DA:25,0
DA:27,0
DA:41,0
DA:42,0
DA:45,0
DA:46,0
DA:47,0
DA:51,0
DA:52,0
DA:53,0
DA:55,0
DA:63,0
DA:66,0
DA:71,0
DA:77,0
DA:79,0
DA:80,0
DA:82,0
DA:96,0
DA:97,0
DA:99,0
DA:101,0
DA:104,0
DA:112,0
DA:113,0
DA:119,0
DA:120,0
DA:122,0
DA:123,0
DA:124,0
DA:125,0
DA:126,0
DA:127,0
DA:130,0
DA:132,0
DA:143,0
DA:145,0
DA:152,0
DA:159,0
DA:161,0
DA:176,0
DA:178,0
DA:179,0
DA:180,0
DA:181,0
DA:182,0
DA:183,0
DA:184,0
DA:186,0
DA:187,0
DA:191,0
DA:198,0
DA:200,0
DA:201,0
DA:203,0
DA:204,0
DA:206,0
LF:70
LH:0
BRDA:18,0,0,0
BRDA:18,1,0,0
BRDA:18,1,1,0
BRDA:24,2,0,0
BRDA:46,3,0,0
BRDA:46,4,0,0
BRDA:46,4,1,0
BRDA:79,5,0,0
BRDA:198,6,0,0
BRF:9
BRH:0
end_of_record
TN:
SF:src\image\image.module.ts
FNF:0
FNH:0
DA:1,0
DA:2,0
DA:3,0
DA:9,0
LF:4
LH:0
BRF:0
BRH:0
end_of_record
TN:
SF:src\image\quality-checker.service.ts
FN:20,(anonymous_2)
FN:32,(anonymous_3)
FN:83,(anonymous_4)
FN:93,(anonymous_5)
FN:99,(anonymous_6)
FN:102,(anonymous_7)
FNF:6
FNH:0
FNDA:0,(anonymous_2)
FNDA:0,(anonymous_3)
FNDA:0,(anonymous_4)
FNDA:0,(anonymous_5)
FNDA:0,(anonymous_6)
FNDA:0,(anonymous_7)
DA:1,0
DA:2,0
DA:3,0
DA:4,0
DA:12,0
DA:13,0
DA:18,0
DA:21,0
DA:22,0
DA:24,0
DA:26,0
DA:28,0
DA:36,0
DA:39,0
DA:40,0
DA:42,0
DA:43,0
DA:53,0
DA:54,0
DA:56,0
DA:57,0
DA:63,0
DA:64,0
DA:73,0
DA:74,0
DA:82,0
DA:83,0
DA:86,0
DA:94,0
DA:95,0
DA:98,0
DA:99,0
DA:101,0
DA:102,0
DA:105,0
DA:107,0
DA:108,0
DA:109,0
DA:110,0
DA:111,0
DA:115,0
DA:116,0
DA:117,0
DA:118,0
DA:119,0
DA:123,0
LF:46
LH:0
BRDA:25,0,0,0
BRDA:25,0,1,0
BRDA:27,1,0,0
BRDA:27,1,1,0
BRDA:29,2,0,0
BRDA:29,2,1,0
BRDA:42,3,0,0
BRDA:56,4,0,0
BRDA:56,4,1,0
BRDA:63,5,0,0
BRDA:73,6,0,0
BRDA:73,7,0,0
BRDA:73,7,1,0
BRDA:94,8,0,0
BRDA:107,9,0,0
BRDA:115,10,0,0
BRF:16
BRH:0
end_of_record
TN:
SF:src\localization\localization.module.ts
FNF:0
FNH:0
DA:1,0
DA:2,0
DA:8,0
LF:3
LH:0
BRF:0
BRH:0
end_of_record
TN:
SF:src\localization\localization.service.ts
FN:15,(anonymous_11)
FN:23,(anonymous_12)
FN:61,(anonymous_13)
FN:71,(anonymous_14)
FN:77,(anonymous_15)
FN:97,(anonymous_16)
FN:101,(anonymous_17)
FN:102,(anonymous_18)
FN:115,(anonymous_19)
FN:137,(anonymous_20)
FN:145,(anonymous_21)
FN:154,(anonymous_22)
FNF:12
FNH:0
FNDA:0,(anonymous_11)
FNDA:0,(anonymous_12)
FNDA:0,(anonymous_13)
FNDA:0,(anonymous_14)
FNDA:0,(anonymous_15)
FNDA:0,(anonymous_16)
FNDA:0,(anonymous_17)
FNDA:0,(anonymous_18)
FNDA:0,(anonymous_19)
FNDA:0,(anonymous_20)
FNDA:0,(anonymous_21)
FNDA:0,(anonymous_22)
DA:1,0
DA:2,0
DA:3,0
DA:10,0
DA:11,0
DA:13,0
DA:16,0
DA:24,0
DA:27,0
DA:28,0
DA:29,0
DA:33,0
DA:35,0
DA:36,0
DA:37,0
DA:40,0
DA:42,0
DA:43,0
DA:45,0
DA:48,0
DA:49,0
DA:50,0
DA:53,0
DA:62,0
DA:64,0
DA:65,0
DA:69,0
DA:72,0
DA:73,0
DA:74,0
DA:75,0
DA:77,0
DA:80,0
DA:82,0
DA:83,0
DA:84,0
DA:85,0
DA:90,0
DA:91,0
DA:98,0
DA:99,0
DA:100,0
DA:101,0
DA:102,0
DA:104,0
DA:105,0
DA:107,0
DA:108,0
DA:116,0
DA:119,0
DA:120,0
DA:122,0
DA:123,0
DA:124,0
DA:126,0
DA:127,0
DA:131,0
DA:138,0
DA:139,0
DA:146,0
DA:147,0
DA:148,0
DA:159,0
DA:172,0
LF:64
LH:0
BRDA:27,0,0,0
BRDA:48,1,0,0
BRDA:64,2,0,0
BRDA:74,3,0,0
BRDA:74,3,1,0
BRDA:83,4,0,0
BRDA:123,5,0,0
BRDA:123,5,1,0
BRDA:123,6,0,0
BRDA:123,6,1,0
BRDA:123,6,2,0
BRDA:172,7,0,0
BRDA:172,7,1,0
BRF:13
BRH:0
end_of_record
TN:
SF:src\ml\label-loader.service.ts
FN:23,(anonymous_11)
FN:25,(anonymous_12)
FN:39,(anonymous_13)
FN:135,(anonymous_14)
FN:159,(anonymous_15)
FN:169,(anonymous_16)
FN:180,(anonymous_17)
FN:184,(anonymous_18)
FN:188,(anonymous_19)
FN:199,(anonymous_20)
FN:203,(anonymous_21)
FNF:11
FNH:0
FNDA:0,(anonymous_11)
FNDA:0,(anonymous_12)
FNDA:0,(anonymous_13)
FNDA:0,(anonymous_14)
FNDA:0,(anonymous_15)
FNDA:0,(anonymous_16)
FNDA:0,(anonymous_17)
FNDA:0,(anonymous_18)
FNDA:0,(anonymous_19)
FNDA:0,(anonymous_20)
FNDA:0,(anonymous_21)
DA:1,0
DA:2,0
DA:3,0
DA:4,0
DA:5,0
DA:15,0
DA:16,0
DA:17,0
DA:18,0
DA:19,0
DA:21,0
DA:23,0
DA:26,0
DA:27,0
DA:28,0
DA:29,0
DA:30,0
DA:32,0
DA:34,0
DA:40,0
DA:41,0
DA:43,0
DA:44,0
DA:47,0
DA:50,0
DA:51,0
DA:54,0
DA:55,0
DA:56,0
DA:62,0
DA:63,0
DA:65,0
DA:66,0
DA:68,0
DA:70,0
DA:71,0
DA:77,0
DA:78,0
DA:81,0
DA:82,0
DA:85,0
DA:86,0
DA:88,0
DA:89,0
DA:93,0
DA:94,0
DA:95,0
DA:102,0
DA:105,0
DA:107,0
DA:108,0
DA:114,0
DA:115,0
DA:121,0
DA:122,0
DA:128,0
DA:137,0
DA:144,0
DA:145,0
DA:146,0
DA:147,0
DA:151,0
DA:152,0
DA:158,0
DA:159,0
DA:162,0
DA:163,0
DA:170,0
DA:171,0
DA:172,0
DA:174,0
DA:175,0
DA:177,0
DA:181,0
DA:185,0
DA:189,0
DA:190,0
DA:191,0
DA:192,0
DA:193,0
DA:196,0
DA:200,0
DA:204,0
LF:83
LH:0
BRDA:28,0,0,0
BRDA:43,1,0,0
BRDA:55,2,0,0
BRDA:70,3,0,0
BRDA:77,4,0,0
BRDA:81,5,0,0
BRDA:94,6,0,0
BRDA:114,7,0,0
BRDA:121,8,0,0
BRDA:146,9,0,0
BRDA:151,10,0,0
BRDA:162,11,0,0
BRDA:192,12,0,0
BRF:13
BRH:0
end_of_record
TN:
SF:src\ml\ml.module.ts
FNF:0
FNH:0
DA:1,0
DA:2,0
DA:3,0
DA:24,0
LF:4
LH:0
BRF:0
BRH:0
end_of_record
TN:
SF:src\ml\model-loader.service.ts
FN:14,(anonymous_2)
FN:16,(anonymous_3)
FN:22,(anonymous_4)
FN:41,(anonymous_5)
FN:49,(anonymous_6)
FN:80,(anonymous_7)
FN:84,(anonymous_8)
FNF:7
FNH:6
FNDA:11,(anonymous_2)
FNDA:0,(anonymous_3)
FNDA:9,(anonymous_4)
FNDA:7,(anonymous_5)
FNDA:4,(anonymous_6)
FNDA:1,(anonymous_7)
FNDA:1,(anonymous_8)
DA:1,1
DA:2,1
DA:6,1
DA:7,11
DA:8,11
DA:9,11
DA:11,11
DA:12,11
DA:14,11
DA:17,0
DA:18,0
DA:19,0
DA:23,9
DA:24,9
DA:25,8
DA:26,7
DA:27,7
DA:28,7
DA:29,7
DA:31,1
DA:32,1
DA:35,1
DA:36,1
DA:37,1
DA:42,7
DA:50,4
DA:51,1
DA:54,3
DA:56,3
DA:66,2
DA:67,1
DA:68,1
DA:71,1
DA:72,1
DA:75,2
DA:76,2
DA:81,1
DA:85,1
LF:38
LH:35
BRDA:25,0,0,7
BRDA:25,0,1,1
BRDA:50,1,0,1
BRDA:66,2,0,1
BRDA:68,3,0,1
BRDA:68,3,1,0
BRF:6
BRH:5
end_of_record
TN:
SF:src\treatments\treatments.module.ts
FNF:0
FNH:0
DA:1,0
DA:2,0
DA:8,0
LF:3
LH:0
BRF:0
BRH:0
end_of_record
TN:
SF:src\treatments\treatments.service.ts
FN:60,(anonymous_11)
FN:84,(anonymous_12)
FN:90,(anonymous_13)
FN:104,(anonymous_14)
FN:123,(anonymous_15)
FN:130,(anonymous_16)
FN:144,(anonymous_17)
FN:148,(anonymous_18)
FN:154,(anonymous_19)
FN:158,(anonymous_20)
FN:165,(anonymous_21)
FN:175,(anonymous_22)
FN:186,(anonymous_23)
FN:187,(anonymous_24)
FN:196,(anonymous_25)
FN:206,(anonymous_26)
FN:214,(anonymous_27)
FN:219,(anonymous_28)
FN:233,(anonymous_29)
FN:236,(anonymous_30)
FN:248,(anonymous_31)
FN:250,(anonymous_32)
FN:262,(anonymous_33)
FNF:23
FNH:0
FNDA:0,(anonymous_11)
FNDA:0,(anonymous_12)
FNDA:0,(anonymous_13)
FNDA:0,(anonymous_14)
FNDA:0,(anonymous_15)
FNDA:0,(anonymous_16)
FNDA:0,(anonymous_17)
FNDA:0,(anonymous_18)
FNDA:0,(anonymous_19)
FNDA:0,(anonymous_20)
FNDA:0,(anonymous_21)
FNDA:0,(anonymous_22)
FNDA:0,(anonymous_23)
FNDA:0,(anonymous_24)
FNDA:0,(anonymous_25)
FNDA:0,(anonymous_26)
FNDA:0,(anonymous_27)
FNDA:0,(anonymous_28)
FNDA:0,(anonymous_29)
FNDA:0,(anonymous_30)
FNDA:0,(anonymous_31)
FNDA:0,(anonymous_32)
FNDA:0,(anonymous_33)
DA:1,0
DA:2,0
DA:3,0
DA:55,0
DA:56,0
DA:58,0
DA:65,0
DA:67,0
DA:70,0
DA:74,0
DA:75,0
DA:77,0
DA:85,0
DA:86,0
DA:87,0
DA:90,0
DA:91,0
DA:94,0
DA:96,0
DA:108,0
DA:110,0
DA:112,0
DA:113,0
DA:117,0
DA:118,0
DA:121,0
DA:122,0
DA:123,0
DA:128,0
DA:129,0
DA:130,0
DA:134,0
DA:137,0
DA:145,0
DA:147,0
DA:148,0
DA:155,0
DA:157,0
DA:158,0
DA:174,0
DA:175,0
DA:177,0
DA:178,0
DA:181,0
DA:182,0
DA:186,0
DA:187,0
DA:189,0
DA:197,0
DA:199,0
DA:200,0
DA:207,0
DA:208,0
DA:217,0
DA:219,0
DA:220,0
DA:227,0
DA:234,0
DA:236,0
DA:237,0
DA:238,0
DA:242,0
DA:249,0
DA:250,0
DA:251,0
DA:252,0
DA:256,0
DA:263,0
DA:264,0
DA:265,0
LF:70
LH:0
BRDA:65,0,0,0
BRDA:65,0,1,0
BRDA:112,1,0,0
BRDA:117,2,0,0
BRDA:121,3,0,0
BRDA:128,4,0,0
BRDA:168,5,0,0
BRDA:177,6,0,0
BRDA:181,7,0,0
BRDA:200,8,0,0
BRDA:200,8,1,0
BRDA:208,9,0,0
BRDA:208,9,1,0
BRDA:237,10,0,0
BRDA:251,11,0,0
BRF:15
BRH:0
end_of_record
TN:
SF:src\validators\crop-validator.service.ts
FN:8,(anonymous_2)
FN:13,(anonymous_3)
FN:64,(anonymous_4)
FNF:3
FNH:0
FNDA:0,(anonymous_2)
FNDA:0,(anonymous_3)
FNDA:0,(anonymous_4)
DA:1,0
DA:2,0
DA:3,0
DA:7,0
DA:9,0
DA:10,0
DA:19,0
DA:20,0
DA:21,0
DA:22,0
DA:25,0
DA:26,0
DA:39,0
DA:40,0
DA:53,0
DA:54,0
DA:56,0
DA:65,0
LF:18
LH:0
BRDA:25,0,0,0
BRDA:39,1,0,0
BRF:2
BRH:0
end_of_record
TN:
SF:src\validators\ood-detector.service.ts
FN:17,(anonymous_2)
FN:29,(anonymous_3)
FN:100,(anonymous_4)
FN:110,(anonymous_5)
FN:116,(anonymous_6)
FN:117,(anonymous_7)
FN:122,(anonymous_8)
FN:134,(anonymous_9)
FN:149,(anonymous_10)
FN:152,(anonymous_11)
FNF:10
FNH:0
FNDA:0,(anonymous_2)
FNDA:0,(anonymous_3)
FNDA:0,(anonymous_4)
FNDA:0,(anonymous_5)
FNDA:0,(anonymous_6)
FNDA:0,(anonymous_7)
FNDA:0,(anonymous_8)
FNDA:0,(anonymous_9)
FNDA:0,(anonymous_10)
FNDA:0,(anonymous_11)
DA:1,0
DA:2,0
DA:3,0
DA:4,0
DA:12,0
DA:18,0
DA:19,0
DA:21,0
DA:23,0
DA:25,0
DA:30,0
DA:31,0
DA:32,0
DA:35,0
DA:36,0
DA:49,0
DA:50,0
DA:67,0
DA:68,0
DA:80,0
DA:81,0
DA:95,0
DA:101,0
DA:102,0
DA:103,0
DA:104,0
DA:107,0
DA:116,0
DA:117,0
DA:120,0
DA:122,0
DA:123,0
DA:124,0
DA:125,0
DA:133,0
DA:134,0
DA:136,0
DA:139,0
DA:141,0
DA:150,0
DA:153,0
LF:41
LH:0
BRDA:22,0,0,0
BRDA:22,0,1,0
BRDA:24,1,0,0
BRDA:24,1,1,0
BRDA:26,2,0,0
BRDA:26,2,1,0
BRDA:35,3,0,0
BRDA:49,4,0,0
BRDA:67,5,0,0
BRDA:80,6,0,0
BRDA:103,7,0,0
BRF:11
BRH:0
end_of_record
TN:
SF:src\validators\prediction-validator.service.ts
FN:11,(anonymous_2)
FN:20,(anonymous_3)
FN:29,(anonymous_4)
FN:62,(anonymous_5)
FNF:4
FNH:0
FNDA:0,(anonymous_2)
FNDA:0,(anonymous_3)
FNDA:0,(anonymous_4)
FNDA:0,(anonymous_5)
DA:1,0
DA:2,0
DA:3,0
DA:6,0
DA:11,0
DA:12,0
DA:14,0
DA:16,0
DA:21,0
DA:22,0
DA:23,0
DA:24,0
DA:26,0
DA:34,0
DA:36,0
DA:38,0
DA:41,0
DA:47,0
DA:63,0
DA:64,0
DA:65,0
DA:66,0
LF:22
LH:0
BRDA:13,0,0,0
BRDA:13,0,1,0
BRDA:15,1,0,0
BRDA:15,1,1,0
BRDA:17,2,0,0
BRDA:17,2,1,0
BRDA:21,3,0,0
BRDA:21,3,1,0
BRDA:23,4,0,0
BRDA:36,5,0,0
BRDA:36,5,1,0
BRDA:36,5,2,0
BRDA:63,6,0,0
BRDA:64,7,0,0
BRDA:65,8,0,0
BRF:15
BRH:0
end_of_record
TN:
SF:src\validators\supported-classes.service.ts
FN:4,(anonymous_1)
FN:81,(anonymous_2)
FN:85,(anonymous_3)
FN:90,(anonymous_4)
FN:95,(anonymous_5)
FN:98,(anonymous_6)
FN:102,(anonymous_7)
FN:105,(anonymous_8)
FN:109,(anonymous_9)
FNF:9
FNH:0
FNDA:0,(anonymous_1)
FNDA:0,(anonymous_2)
FNDA:0,(anonymous_3)
FNDA:0,(anonymous_4)
FNDA:0,(anonymous_5)
FNDA:0,(anonymous_6)
FNDA:0,(anonymous_7)
FNDA:0,(anonymous_8)
FNDA:0,(anonymous_9)
DA:1,0
DA:4,0
DA:6,0
DA:47,0
DA:64,0
DA:82,0
DA:86,0
DA:87,0
DA:92,0
DA:96,0
DA:97,0
DA:99,0
DA:100,0
DA:102,0
DA:106,0
DA:110,0
LF:16
LH:0
BRF:0
BRH:0
end_of_record
TN:
SF:src\validators\validators.module.ts
FNF:0
FNH:0
DA:1,0
DA:2,0
DA:3,0
DA:4,0
DA:5,0
DA:21,0
LF:6
LH:0
BRF:0
BRH:0
end_of_record
